19:53:37.575 INFO  MyProblem 31 setup - setup problem!
19:58:26.016 DEBUG MyProblem 113 describe - 
Fitness: Standardized=0.1701087 Adjusted=0.85462147 Hits=0
\begin{bundle}{\gpbox{If}}\chunk{\begin{bundle}{\gpbox{And}}\chunk{\begin{bundle}{\gpbox{If}}\chunk{\gpbox{Add_Mince}}\chunk{\gpbox{Add_Mince}}\end{bundle}}\chunk{\begin{bundle}{\gpbox{Or}}\chunk{\begin{bundle}{\gpbox{Not}}\chunk{\gpbox{Create_Cp}}\end{bundle}}\chunk{\begin{bundle}{\gpbox{If}}\chunk{\gpbox{Add_Mindot}}\chunk{\gpbox{Create_Cp}}\end{bundle}}\end{bundle}}\end{bundle}}\chunk{\begin{bundle}{\gpbox{Or}}\chunk{\begin{bundle}{\gpbox{Equal}}\chunk{\begin{bundle}{\gpbox{Not}}\chunk{\gpbox{Join_Cp}}\end{bundle}}\chunk{\begin{bundle}{\gpbox{Equal}}\chunk{\begin{bundle}{\gpbox{Equal}}\chunk{\gpbox{Add_Mince}}\chunk{\gpbox{Add_Mindot}}\end{bundle}}\chunk{\gpbox{Add_Mindot}}\end{bundle}}\end{bundle}}\chunk{\begin{bundle}{\gpbox{Equal}}\chunk{\begin{bundle}{\gpbox{While}}\chunk{\begin{bundle}{\gpbox{Or}}\chunk{\gpbox{Add_Mince}}\chunk{\gpbox{Move_Min}}\end{bundle}}\chunk{\begin{bundle}{\gpbox{Or}}\chunk{\gpbox{Join_Cp}}\chunk{\gpbox{Add_Mince}}\end{bundle}}\end{bundle}}\chunk{\begin{bundle}{\gpbox{While}}\chunk{\begin{bundle}{\gpbox{If}}\chunk{\begin{bundle}{\gpbox{Or}}\chunk{\gpbox{Add_Mince}}\chunk{\gpbox{Add_Mince}}\end{bundle}}\chunk{\begin{bundle}{\gpbox{If}}\chunk{\gpbox{Join_Cp}}\chunk{\gpbox{Add_Mince}}\end{bundle}}\end{bundle}}\chunk{\begin{bundle}{\gpbox{Or}}\chunk{\gpbox{Join_Cp}}\chunk{\gpbox{Add_Mince}}\end{bundle}}\end{bundle}}\end{bundle}}\end{bundle}}\end{bundle}
Tamaño del nodo: 39

19:58:26.017 DEBUG MyProblem 124 describe - Instancia test.data IS:0.706884334918814
19:58:26.018 DEBUG MyProblem 125 describe - Error 0.012549562730022324 ,ajustado 0.011219309080639958
19:58:26.018 DEBUG MyProblem 126 describe - No agrupados 0.2 ,ajustado 0.021
19:58:26.019 DEBUG MyProblem 127 describe - LCP
C0
2:1.0,-1.0
2:2.0,-1.0
2:2.0,-2.0
2:1.0,-2.0

C1
2:2.0,3.0
2:2.0,2.0
2:1.0,3.0
2:1.0,2.0


19:58:26.019 DEBUG MyProblem 128 describe - LSP
2:2.0,-3.0
2:1.0,-3.0

19:58:26.021 DEBUG MyProblem 124 describe - Instancia ruspini.data IS:0.7376569908806616
19:58:26.021 DEBUG MyProblem 125 describe - Error 0.31643340711192675 ,ajustado 0.2828914659580625
19:58:26.022 DEBUG MyProblem 126 describe - No agrupados 0.8933333333333333 ,ajustado 0.0938
19:58:26.022 DEBUG MyProblem 127 describe - LCP
C0
2:13.0,49.0
2:4.0,53.0
2:5.0,63.0
2:10.0,59.0

C1
2:9.0,77.0
2:13.0,69.0
2:12.0,88.0
2:15.0,75.0


19:58:26.023 DEBUG MyProblem 128 describe - LSP
2:18.0,61.0
2:19.0,65.0
2:22.0,74.0
2:27.0,72.0
2:28.0,76.0
2:24.0,58.0
2:27.0,55.0
2:28.0,60.0
2:30.0,52.0
2:31.0,60.0
2:32.0,61.0
2:36.0,72.0
2:28.0,147.0
2:32.0,149.0
2:35.0,153.0
2:33.0,154.0
2:38.0,151.0
2:41.0,150.0
2:38.0,145.0
2:38.0,143.0
2:32.0,143.0
2:34.0,141.0
2:44.0,156.0
2:44.0,149.0
2:44.0,143.0
2:46.0,142.0
2:47.0,149.0
2:49.0,152.0
2:50.0,142.0
2:53.0,144.0
2:52.0,152.0
2:55.0,155.0
2:54.0,124.0
2:60.0,136.0
2:63.0,139.0
2:86.0,132.0
2:85.0,115.0
2:85.0,96.0
2:78.0,94.0
2:74.0,96.0
2:97.0,122.0
2:98.0,116.0
2:98.0,124.0
2:99.0,119.0
2:99.0,128.0
2:101.0,115.0
2:108.0,111.0
2:110.0,111.0
2:108.0,116.0
2:111.0,126.0
2:115.0,117.0
2:117.0,115.0
2:70.0,4.0
2:77.0,12.0
2:83.0,21.0
2:61.0,15.0
2:69.0,15.0
2:78.0,16.0
2:66.0,18.0
2:58.0,13.0
2:64.0,20.0
2:69.0,21.0
2:66.0,23.0
2:61.0,25.0
2:76.0,27.0
2:72.0,31.0
2:64.0,30.0

19:58:26.028 DEBUG MyProblem 124 describe - Instancia synthetic//150B2C3.data IS:0.7289289082217242
19:58:26.028 DEBUG MyProblem 125 describe - Error 0.002296350014375979 ,ajustado 0.0020529369128521255
19:58:26.029 DEBUG MyProblem 126 describe - No agrupados 0.9463087248322147 ,ajustado 0.09936241610738254
19:58:26.029 DEBUG MyProblem 127 describe - LCP
C0
2:158.6146,122.2544
2:160.4084,125.6139
2:260.9574,116.7881

C1
2:502.271,160.108
2:398.6137,169.9393
2:467.7751,229.3891
2:410.1699,167.2242
2:441.462,203.4692


19:58:26.033 DEBUG MyProblem 128 describe - LSP
2:490.3598,213.0444
2:435.1951,231.8914
2:414.9362,223.2192
2:463.4692,179.829
2:421.5777,215.9361
2:428.5134,214.2945
2:498.1292,188.587
2:436.2728,171.9744
2:422.5945,184.7827
2:515.4637,189.3975
2:479.2187,212.8896
2:425.6341,147.6262
2:497.9251,212.9732
2:488.6102,212.02
2:439.1315,155.1202
2:412.408,211.2689
2:428.6432,202.2395
2:516.6848,180.3167
2:478.4647,155.079
2:403.3519,204.5548
2:453.6744,155.3623
2:449.9822,223.5225
2:396.8233,196.7053
2:516.3008,201.5016
2:422.8072,229.9631
2:433.267,149.578
2:486.8068,216.663
2:455.2018,216.7733
2:440.1139,152.8328
2:441.8823,144.8493
2:407.7834,213.1548
2:432.8282,227.5378
2:420.4503,163.8612
2:504.565,163.779
2:456.1174,210.4069
2:401.1862,163.7918
2:460.4138,230.5062
2:406.6755,159.9474
2:424.3437,180.5602
2:412.2298,155.7058
2:437.7367,203.0617
2:513.5533,168.0243
2:438.5036,186.8624
2:478.9629,224.6851
2:413.9585,195.2905
2:240.4104,457.5375
2:192.5495,343.9229
2:247.9911,399.8432
2:163.8899,387.1088
2:242.5055,503.5139
2:254.6961,480.1644
2:239.9546,455.6605
2:241.5066,467.1079
2:235.461,465.8401
2:252.1899,483.8816
2:222.564,348.8979
2:193.425,370.0399
2:243.781,508.3957
2:224.9249,364.8915
2:241.4013,413.8307
2:211.8677,348.4881
2:161.6965,410.4796
2:240.3094,411.5802
2:235.037,510.9634
2:208.7912,344.8893
2:243.4942,444.5297
2:160.5948,408.6074
2:240.5278,510.8418
2:165.7616,367.1646
2:213.5015,369.0899
2:234.0004,396.1773
2:178.0577,377.6489
2:188.6436,343.9895
2:249.6713,423.9654
2:238.5395,497.8024
2:243.529,460.2181
2:184.3204,349.1299
2:190.1115,351.8888
2:189.0127,360.2331
2:143.2355,414.1079
2:247.7379,473.3085
2:229.4579,358.8073
2:166.0131,370.5057
2:196.5269,360.267
2:232.8901,404.8532
2:214.9054,356.636
2:240.8923,486.9575
2:214.5954,362.9352
2:237.8689,441.0483
2:231.1519,399.3051
2:246.2031,435.7583
2:241.484,486.6073
2:254.1373,436.5178
2:228.4817,360.867
2:171.6707,126.7152
2:182.798,237.7593
2:242.2214,96.2138
2:195.5316,125.1255
2:260.6326,101.359
2:152.0034,166.0311
2:199.7787,107.1626
2:200.2314,229.8261
2:166.0802,156.4419
2:197.0704,249.2911
2:145.9113,173.3159
2:155.8739,145.4103
2:237.8495,118.337
2:222.8879,98.17
2:180.0887,130.7484
2:148.9101,192.4681
2:199.5935,228.0333
2:153.5724,139.139
2:163.4839,169.8026
2:142.941,186.2504
2:199.3192,95.9996
2:169.7966,132.5407
2:152.1257,165.7606
2:188.2612,225.8483
2:193.3959,233.8884
2:165.6161,232.52
2:248.5609,107.7191
2:253.1617,94.021
2:166.699,145.9332
2:232.885,122.7003
2:154.4124,132.9599
2:156.1218,177.9278
2:160.4383,166.2443
2:232.3456,114.2112
2:145.3109,150.2292
2:181.6305,131.7465
2:144.009,169.5401
2:198.3978,228.3225
2:212.5121,105.1899
2:165.9878,119.9031
2:156.7262,222.4368
2:164.5204,118.7205
2:219.46,108.4098
2:239.2293,97.3207
2:247.922,119.7471
2:165.1405,129.2023
2:143.5976,159.7517

19:58:26.034 DEBUG MyProblem 140 describe - Termino
19:58:27.172 INFO  MyProblem 31 setup - setup problem!
20:33:54.717 DEBUG MyProblem 113 describe - 
Fitness: Standardized=0.05664155 Adjusted=0.9463947 Hits=2
\begin{bundle}{\gpbox{Or}}\chunk{\begin{bundle}{\gpbox{Equal}}\chunk{\begin{bundle}{\gpbox{Equal}}\chunk{\gpbox{Add_Mince}}\chunk{\gpbox{Move_Min}}\end{bundle}}\chunk{\begin{bundle}{\gpbox{And}}\chunk{\begin{bundle}{\gpbox{Or}}\chunk{\begin{bundle}{\gpbox{And}}\chunk{\begin{bundle}{\gpbox{Or}}\chunk{\begin{bundle}{\gpbox{Or}}\chunk{\begin{bundle}{\gpbox{And}}\chunk{\gpbox{Create_Cp}}\chunk{\begin{bundle}{\gpbox{Not}}\chunk{\begin{bundle}{\gpbox{Equal}}\chunk{\begin{bundle}{\gpbox{Or}}\chunk{\gpbox{Add_Mince}}\chunk{\gpbox{Add_Mindot}}\end{bundle}}\chunk{\begin{bundle}{\gpbox{And}}\chunk{\begin{bundle}{\gpbox{And}}\chunk{\gpbox{Create_Cp}}\chunk{\begin{bundle}{\gpbox{Or}}\chunk{\gpbox{Create_Cp}}\chunk{\gpbox{Move_Min}}\end{bundle}}\end{bundle}}\chunk{\begin{bundle}{\gpbox{While}}\chunk{\gpbox{Add_Mindot}}\chunk{\gpbox{Move_Min}}\end{bundle}}\end{bundle}}\end{bundle}}\end{bundle}}\end{bundle}}\chunk{\gpbox{Join_Cp}}\end{bundle}}\chunk{\begin{bundle}{\gpbox{And}}\chunk{\begin{bundle}{\gpbox{Or}}\chunk{\gpbox{Create_Cp}}\chunk{\gpbox{Move_Min}}\end{bundle}}\chunk{\begin{bundle}{\gpbox{While}}\chunk{\gpbox{Add_Mindot}}\chunk{\gpbox{Add_Mindot}}\end{bundle}}\end{bundle}}\end{bundle}}\chunk{\begin{bundle}{\gpbox{While}}\chunk{\gpbox{Add_Mince}}\chunk{\gpbox{Add_Mince}}\end{bundle}}\end{bundle}}\chunk{\begin{bundle}{\gpbox{While}}\chunk{\gpbox{Add_Mindot}}\chunk{\gpbox{Add_Mindot}}\end{bundle}}\end{bundle}}\chunk{\begin{bundle}{\gpbox{Or}}\chunk{\begin{bundle}{\gpbox{And}}\chunk{\begin{bundle}{\gpbox{Or}}\chunk{\gpbox{Create_Cp}}\chunk{\gpbox{Move_Min}}\end{bundle}}\chunk{\begin{bundle}{\gpbox{While}}\chunk{\gpbox{Add_Mindot}}\chunk{\gpbox{Add_Mindot}}\end{bundle}}\end{bundle}}\chunk{\begin{bundle}{\gpbox{Or}}\chunk{\gpbox{Create_Cp}}\chunk{\gpbox{Move_Min}}\end{bundle}}\end{bundle}}\end{bundle}}\end{bundle}}\chunk{\gpbox{Add_Mince}}\end{bundle}
Tamaño del nodo: 52

20:33:54.718 DEBUG MyProblem 124 describe - Instancia test.data IS:0.706884334918814
20:33:54.719 DEBUG MyProblem 125 describe - Error 0.0 ,ajustado 0.0
20:33:54.719 DEBUG MyProblem 126 describe - No agrupados 0.0 ,ajustado 0.0
20:33:54.719 DEBUG MyProblem 127 describe - LCP
C0
2:1.0,-1.0
2:1.0,-2.0
2:2.0,-3.0
2:2.0,-1.0
2:1.0,-3.0
2:2.0,-2.0

C1
2:1.0,2.0
2:1.0,3.0
2:2.0,3.0
2:2.0,2.0


20:33:54.720 DEBUG MyProblem 128 describe - LSP

20:33:54.722 DEBUG MyProblem 124 describe - Instancia ruspini.data IS:0.7376569908806616
20:33:54.722 DEBUG MyProblem 125 describe - Error 0.19007231203933847 ,ajustado 0.16992464696316859
20:33:54.723 DEBUG MyProblem 126 describe - No agrupados 0.0 ,ajustado 0.0
20:33:54.724 DEBUG MyProblem 127 describe - LCP
C0
2:76.0,27.0
2:9.0,77.0
2:15.0,75.0
2:12.0,88.0
2:22.0,74.0
2:28.0,76.0
2:13.0,69.0
2:19.0,65.0
2:18.0,61.0
2:5.0,63.0
2:10.0,59.0
2:24.0,58.0
2:28.0,60.0
2:31.0,60.0
2:32.0,61.0
2:27.0,55.0
2:30.0,52.0
2:13.0,49.0
2:27.0,72.0
2:4.0,53.0
2:70.0,4.0
2:77.0,12.0
2:83.0,21.0
2:61.0,15.0
2:69.0,15.0
2:78.0,16.0
2:66.0,18.0
2:58.0,13.0
2:36.0,72.0
2:64.0,20.0
2:66.0,23.0
2:61.0,25.0
2:69.0,21.0
2:72.0,31.0
2:64.0,30.0

C1
2:44.0,156.0
2:86.0,132.0
2:60.0,136.0
2:53.0,144.0
2:50.0,142.0
2:52.0,152.0
2:55.0,155.0
2:49.0,152.0
2:47.0,149.0
2:46.0,142.0
2:44.0,149.0
2:44.0,143.0
2:41.0,150.0
2:38.0,145.0
2:38.0,143.0
2:38.0,151.0
2:35.0,153.0
2:34.0,141.0
2:32.0,149.0
2:32.0,143.0
2:33.0,154.0
2:28.0,147.0
2:54.0,124.0

C2
2:63.0,139.0
2:78.0,94.0
2:85.0,115.0
2:74.0,96.0
2:85.0,96.0
2:97.0,122.0
2:98.0,116.0
2:98.0,124.0
2:99.0,119.0
2:99.0,128.0
2:101.0,115.0
2:108.0,111.0
2:110.0,111.0
2:108.0,116.0
2:111.0,126.0
2:115.0,117.0
2:117.0,115.0


20:33:54.725 DEBUG MyProblem 128 describe - LSP

20:33:54.729 DEBUG MyProblem 124 describe - Instancia synthetic//150B2C3.data IS:0.7289289082217242
20:33:54.729 DEBUG MyProblem 125 describe - Error 0.0 ,ajustado 0.0
20:33:54.729 DEBUG MyProblem 126 describe - No agrupados 0.0 ,ajustado 0.0
20:33:54.733 DEBUG MyProblem 127 describe - LCP
C0
2:197.0704,249.2911
2:171.6707,126.7152
2:182.798,237.7593
2:158.6146,122.2544
2:242.2214,96.2138
2:195.5316,125.1255
2:260.9574,116.7881
2:152.0034,166.0311
2:199.7787,107.1626
2:260.6326,101.359
2:166.0802,156.4419
2:200.2314,229.8261
2:145.9113,173.3159
2:155.8739,145.4103
2:237.8495,118.337
2:222.8879,98.17
2:180.0887,130.7484
2:148.9101,192.4681
2:199.5935,228.0333
2:153.5724,139.139
2:163.4839,169.8026
2:142.941,186.2504
2:199.3192,95.9996
2:169.7966,132.5407
2:152.1257,165.7606
2:188.2612,225.8483
2:193.3959,233.8884
2:165.6161,232.52
2:248.5609,107.7191
2:253.1617,94.021
2:166.699,145.9332
2:232.885,122.7003
2:154.4124,132.9599
2:156.1218,177.9278
2:160.4383,166.2443
2:232.3456,114.2112
2:145.3109,150.2292
2:181.6305,131.7465
2:160.4084,125.6139
2:144.009,169.5401
2:198.3978,228.3225
2:212.5121,105.1899
2:165.9878,119.9031
2:156.7262,222.4368
2:164.5204,118.7205
2:219.46,108.4098
2:239.2293,97.3207
2:247.922,119.7471
2:165.1405,129.2023
2:143.5976,159.7517

C1
2:211.8677,348.4881
2:161.6965,410.4796
2:193.425,370.0399
2:240.3094,411.5802
2:224.9249,364.8915
2:222.564,348.8979
2:208.7912,344.8893
2:192.5495,343.9229
2:163.8899,387.1088
2:160.5948,408.6074
2:247.9911,399.8432
2:241.4013,413.8307
2:165.7616,367.1646
2:243.4942,444.5297
2:213.5015,369.0899
2:239.9546,455.6605
2:234.0004,396.1773
2:240.4104,457.5375
2:178.0577,377.6489
2:235.461,465.8401
2:188.6436,343.9895
2:241.5066,467.1079
2:249.6713,423.9654
2:254.6961,480.1644
2:252.1899,483.8816
2:243.529,460.2181
2:238.5395,497.8024
2:184.3204,349.1299
2:242.5055,503.5139
2:190.1115,351.8888
2:243.781,508.3957
2:189.0127,360.2331
2:235.037,510.9634
2:143.2355,414.1079
2:240.5278,510.8418
2:247.7379,473.3085
2:229.4579,358.8073
2:196.5269,360.267
2:232.8901,404.8532
2:214.9054,356.636
2:166.0131,370.5057
2:214.5954,362.9352
2:237.8689,441.0483
2:231.1519,399.3051
2:246.2031,435.7583
2:241.484,486.6073
2:254.1373,436.5178
2:228.4817,360.867
2:240.8923,486.9575

C2
2:410.1699,167.2242
2:398.6137,169.9393
2:421.5777,215.9361
2:436.2728,171.9744
2:441.462,203.4692
2:422.5945,184.7827
2:428.5134,214.2945
2:414.9362,223.2192
2:435.1951,231.8914
2:425.6341,147.6262
2:412.408,211.2689
2:428.6432,202.2395
2:439.1315,155.1202
2:403.3519,204.5548
2:449.9822,223.5225
2:396.8233,196.7053
2:422.8072,229.9631
2:433.267,149.578
2:455.2018,216.7733
2:440.1139,152.8328
2:453.6744,155.3623
2:407.7834,213.1548
2:432.8282,227.5378
2:420.4503,163.8612
2:456.1174,210.4069
2:401.1862,163.7918
2:441.8823,144.8493
2:406.6755,159.9474
2:424.3437,180.5602
2:412.2298,155.7058
2:437.7367,203.0617
2:438.5036,186.8624
2:413.9585,195.2905
2:463.4692,179.829
2:479.2187,212.8896
2:467.7751,229.3891
2:478.9629,224.6851
2:478.4647,155.079
2:488.6102,212.02
2:486.8068,216.663
2:490.3598,213.0444
2:498.1292,188.587
2:497.9251,212.9732
2:502.271,160.108
2:504.565,163.779
2:515.4637,189.3975
2:516.3008,201.5016
2:513.5533,168.0243
2:516.6848,180.3167
2:460.4138,230.5062


20:33:54.733 DEBUG MyProblem 128 describe - LSP

20:33:54.734 DEBUG MyProblem 140 describe - Termino
20:33:54.734 DEBUG MyProblem 146 describe - 
USANDO INSTANCIAS DE VALIDACION***************

20:35:03.234 DEBUG MyProblem 153 describe - 
Fitness: Standardized=0.45746347 Adjusted=0.68612355 Hits=0
Tamaño del nodo: 52

20:35:03.234 DEBUG MyProblem 162 describe - Instancia ruspini.data IS:0.7376569908806616
20:35:03.235 DEBUG MyProblem 163 describe - Error 0.19007231203933847 ,ajustado 0.16992464696316859
20:35:03.235 DEBUG MyProblem 164 describe - No agrupados 0.0 ,ajustado 0.0
20:35:03.235 DEBUG MyProblem 165 describe - LCP
C0
2:76.0,27.0
2:9.0,77.0
2:15.0,75.0
2:12.0,88.0
2:22.0,74.0
2:28.0,76.0
2:13.0,69.0
2:19.0,65.0
2:18.0,61.0
2:5.0,63.0
2:10.0,59.0
2:24.0,58.0
2:28.0,60.0
2:31.0,60.0
2:32.0,61.0
2:27.0,55.0
2:30.0,52.0
2:13.0,49.0
2:27.0,72.0
2:4.0,53.0
2:70.0,4.0
2:77.0,12.0
2:83.0,21.0
2:61.0,15.0
2:69.0,15.0
2:78.0,16.0
2:66.0,18.0
2:58.0,13.0
2:36.0,72.0
2:64.0,20.0
2:66.0,23.0
2:61.0,25.0
2:69.0,21.0
2:72.0,31.0
2:64.0,30.0

C1
2:44.0,156.0
2:86.0,132.0
2:60.0,136.0
2:53.0,144.0
2:50.0,142.0
2:52.0,152.0
2:55.0,155.0
2:49.0,152.0
2:47.0,149.0
2:46.0,142.0
2:44.0,149.0
2:44.0,143.0
2:41.0,150.0
2:38.0,145.0
2:38.0,143.0
2:38.0,151.0
2:35.0,153.0
2:34.0,141.0
2:32.0,149.0
2:32.0,143.0
2:33.0,154.0
2:28.0,147.0
2:54.0,124.0

C2
2:63.0,139.0
2:78.0,94.0
2:85.0,115.0
2:74.0,96.0
2:85.0,96.0
2:97.0,122.0
2:98.0,116.0
2:98.0,124.0
2:99.0,119.0
2:99.0,128.0
2:101.0,115.0
2:108.0,111.0
2:110.0,111.0
2:108.0,116.0
2:111.0,126.0
2:115.0,117.0
2:117.0,115.0


20:35:03.235 DEBUG MyProblem 166 describe - LSP

20:35:03.235 DEBUG MyProblem 162 describe - Instancia iris.data IS:0.5032506980665505
20:35:03.236 DEBUG MyProblem 163 describe - Error 0.33670946030875376 ,ajustado 0.30101825751602584
20:35:03.236 DEBUG MyProblem 164 describe - No agrupados 0.0 ,ajustado 0.0
20:35:03.236 DEBUG MyProblem 165 describe - LCP
C0
4:7.7,2.6,6.9,2.3
4:5.7,4.4,1.5,0.4
4:6.7,3.1,4.4,1.4
4:5.6,2.9,3.6,1.3
4:5.9,3.0,4.2,1.5
4:5.8,2.7,4.1,1.0
4:5.2,2.7,3.9,1.4
4:5.6,2.5,3.9,1.1
4:5.5,2.3,4.0,1.3
4:5.7,2.8,4.5,1.3
4:6.1,2.8,4.0,1.3
4:5.6,3.0,4.5,1.5
4:6.0,2.2,4.0,1.0
4:6.1,2.8,4.7,1.2
4:6.4,2.9,4.3,1.3
4:6.1,2.9,4.7,1.4
4:6.4,3.2,4.5,1.5
4:6.6,3.0,4.4,1.4
4:6.5,2.8,4.6,1.5
4:6.0,2.9,4.5,1.5
4:6.6,2.9,4.6,1.3
4:5.7,2.6,3.5,1.0
4:6.2,2.2,4.5,1.5
4:5.5,2.4,3.8,1.1
4:6.3,3.3,4.7,1.6
4:5.5,2.4,3.7,1.0
4:6.3,2.5,4.9,1.5
4:5.8,2.7,3.9,1.2
4:5.9,3.2,4.8,1.8
4:6.0,2.7,5.1,1.6
4:6.8,2.8,4.8,1.4
4:5.4,3.0,4.5,1.5
4:6.7,3.0,5.0,1.7
4:6.0,3.4,4.5,1.6
4:6.9,3.1,4.9,1.5
4:6.7,3.1,4.7,1.5
4:7.0,3.2,4.7,1.4
4:6.3,2.3,4.4,1.3
4:5.6,3.0,4.1,1.3
4:5.0,2.0,3.5,1.0
4:5.5,2.5,4.0,1.3
4:5.5,2.6,4.4,1.2
4:6.1,3.0,4.6,1.4
4:5.8,2.6,4.0,1.2
4:5.0,2.3,3.3,1.0
4:5.6,2.7,4.2,1.3
4:5.7,3.0,4.2,1.2
4:5.7,2.9,4.2,1.3
4:6.2,2.9,4.3,1.3
4:4.9,2.4,3.3,1.0
4:5.7,2.8,4.1,1.3
4:5.1,2.5,3.0,1.1
4:5.8,2.7,5.1,1.9
4:7.1,3.0,5.9,2.1
4:6.3,2.9,5.6,1.8
4:6.5,3.0,5.8,2.2
4:6.3,3.3,6.0,2.5
4:4.9,2.5,4.5,1.7
4:7.3,2.9,6.3,1.8
4:6.7,2.5,5.8,1.8
4:7.2,3.6,6.1,2.5
4:6.5,3.2,5.1,2.0
4:6.4,2.7,5.3,1.9
4:6.8,3.0,5.5,2.1
4:5.7,2.5,5.0,2.0
4:5.8,2.8,5.1,2.4
4:6.4,3.2,5.3,2.3
4:6.5,3.0,5.5,1.8
4:7.6,3.0,6.6,2.1
4:7.7,3.8,6.7,2.2
4:6.0,2.2,5.0,1.5
4:6.9,3.2,5.7,2.3
4:5.6,2.8,4.9,2.0
4:7.7,2.8,6.7,2.0
4:6.3,2.7,4.9,1.8
4:6.7,3.3,5.7,2.1
4:7.2,3.2,6.0,1.8
4:6.2,2.8,4.8,1.8
4:6.1,3.0,4.9,1.8
4:6.4,2.8,5.6,2.1
4:7.2,3.0,5.8,1.6
4:7.4,2.8,6.1,1.9
4:7.9,3.8,6.4,2.0
4:6.4,2.8,5.6,2.2
4:6.3,2.8,5.1,1.5
4:6.1,2.6,5.6,1.4
4:7.7,3.0,6.1,2.3
4:6.3,3.4,5.6,2.4
4:6.4,3.1,5.5,1.8
4:6.0,3.0,4.8,1.8
4:6.9,3.1,5.4,2.1
4:6.7,3.1,5.6,2.4
4:6.9,3.1,5.1,2.3
4:6.8,3.2,5.9,2.3
4:6.7,3.3,5.7,2.5
4:6.7,3.0,5.2,2.3
4:6.3,2.5,5.0,1.9
4:6.5,3.0,5.2,2.0
4:6.2,3.4,5.4,2.3
4:5.9,3.0,5.1,1.8

C1
4:4.7,3.2,1.3,0.2
4:4.6,3.1,1.5,0.2
4:4.9,3.0,1.4,0.2
4:4.8,3.0,1.4,0.3
4:4.6,3.4,1.4,0.3
4:5.0,3.4,1.5,0.2
4:5.1,3.5,1.4,0.2
4:4.9,3.1,1.5,0.1
4:5.0,3.6,1.4,0.2
4:4.4,2.9,1.4,0.2
4:4.8,3.4,1.6,0.2
4:4.8,3.0,1.4,0.1
4:4.3,3.0,1.1,0.1
4:4.5,2.3,1.3,0.3
4:5.1,3.3,1.7,0.5
4:4.8,3.4,1.9,0.2
4:5.0,3.0,1.6,0.2
4:5.0,3.4,1.6,0.4
4:5.2,3.5,1.5,0.2
4:5.2,3.4,1.4,0.2
4:4.7,3.2,1.6,0.2
4:4.8,3.1,1.6,0.2
4:5.4,3.4,1.5,0.4
4:4.9,3.1,1.5,0.1
4:5.0,3.2,1.2,0.2
4:4.6,3.6,1.0,0.2
4:4.9,3.1,1.5,0.1
4:4.4,3.0,1.3,0.2
4:5.1,3.4,1.5,0.2
4:5.0,3.5,1.3,0.3
4:4.4,3.2,1.3,0.2
4:4.6,3.2,1.4,0.2
4:5.0,3.3,1.4,0.2
4:5.1,3.5,1.4,0.3
4:5.1,3.7,1.5,0.4
4:5.1,3.8,1.5,0.3
4:5.1,3.8,1.6,0.2
4:5.4,3.4,1.7,0.2
4:5.3,3.7,1.5,0.2
4:5.4,3.7,1.5,0.2
4:5.5,3.5,1.3,0.2
4:5.1,3.8,1.9,0.4
4:5.4,3.9,1.3,0.4
4:5.4,3.9,1.7,0.4
4:5.2,4.1,1.5,0.1
4:5.7,3.8,1.7,0.3
4:5.5,4.2,1.4,0.2
4:5.8,4.0,1.2,0.2
4:5.0,3.5,1.6,0.6


20:35:03.236 DEBUG MyProblem 166 describe - LSP

20:35:03.237 DEBUG MyProblem 162 describe - Instancia vowel.data IS:0.20020024646806392
20:35:03.237 DEBUG MyProblem 163 describe - Error 1.3323120107054824 ,ajustado 1.1910869375707014
20:35:03.237 DEBUG MyProblem 164 describe - No agrupados 0.0 ,ajustado 0.0
20:35:03.237 DEBUG MyProblem 165 describe - LCP
C0
2:400.0,800.0
2:700.0,1500.0
2:700.0,1600.0
2:550.0,1550.0
2:550.0,1600.0
2:550.0,1700.0
2:600.0,1600.0
2:550.0,1400.0
2:500.0,1750.0
2:650.0,1600.0
2:550.0,1800.0
2:600.0,1400.0
2:700.0,1350.0
2:550.0,1350.0
2:400.0,1200.0
2:600.0,1200.0
2:600.0,1350.0
2:500.0,1400.0
2:550.0,1300.0
2:650.0,1200.0
2:550.0,1200.0
2:500.0,1350.0
2:500.0,1200.0
2:600.0,1250.0
2:450.0,1650.0
2:500.0,1450.0
2:700.0,1550.0
2:750.0,1500.0
2:550.0,1500.0
2:500.0,1500.0
2:650.0,1350.0
2:650.0,1400.0
2:750.0,1350.0
2:600.0,1300.0
2:700.0,1400.0
2:700.0,1300.0
2:650.0,1300.0
2:750.0,1250.0
2:650.0,1200.0
2:600.0,1200.0
2:700.0,1150.0
2:700.0,1200.0
2:650.0,1150.0
2:750.0,1200.0
2:650.0,1350.0
2:650.0,1100.0
2:750.0,1300.0
2:750.0,1250.0
2:550.0,1200.0
2:600.0,1350.0
2:700.0,1300.0
2:700.0,1250.0
2:650.0,1550.0
2:800.0,1350.0
2:800.0,1300.0
2:650.0,1300.0
2:650.0,1250.0
2:800.0,1250.0
2:600.0,1550.0
2:750.0,1350.0
2:750.0,1400.0
2:600.0,1500.0
2:800.0,1200.0
2:750.0,1150.0
2:700.0,1100.0
2:600.0,1100.0
2:750.0,1100.0
2:650.0,1050.0
2:500.0,1100.0
2:600.0,1050.0
2:350.0,700.0
2:400.0,1150.0
2:350.0,1100.0
2:350.0,1250.0
2:450.0,1150.0
2:300.0,1200.0
2:400.0,1250.0
2:350.0,1150.0
2:600.0,1000.0
2:350.0,1050.0
2:400.0,1200.0
2:400.0,1000.0
2:500.0,1400.0
2:450.0,1000.0
2:450.0,950.0
2:400.0,1100.0
2:400.0,1600.0
2:300.0,1500.0
2:350.0,1000.0
2:300.0,1100.0
2:300.0,1050.0
2:400.0,1050.0
2:350.0,1200.0
2:500.0,1300.0
2:300.0,1000.0
2:350.0,900.0
2:400.0,900.0
2:350.0,950.0
2:300.0,900.0
2:350.0,850.0
2:400.0,850.0
2:350.0,800.0
2:380.0,950.0
2:300.0,950.0
2:300.0,850.0
2:300.0,800.0
2:400.0,950.0
2:350.0,750.0
2:400.0,1250.0
2:400.0,1300.0
2:400.0,1200.0
2:500.0,1300.0
2:450.0,1350.0
2:450.0,1200.0
2:500.0,1200.0
2:450.0,1300.0
2:500.0,1400.0
2:550.0,1400.0
2:450.0,1400.0
2:400.0,1000.0
2:450.0,1200.0
2:500.0,1100.0
2:600.0,1050.0
2:450.0,1100.0
2:550.0,1250.0
2:500.0,1250.0
2:400.0,1200.0
2:600.0,1150.0
2:450.0,1150.0
2:400.0,1150.0
2:400.0,1160.0
2:400.0,1100.0
2:400.0,1300.0
2:600.0,1200.0
2:500.0,1200.0
2:500.0,1000.0
2:550.0,1100.0
2:400.0,900.0
2:450.0,1050.0
2:450.0,1000.0
2:450.0,950.0
2:500.0,1050.0
2:500.0,1150.0
2:600.0,1100.0
2:400.0,950.0
2:550.0,1300.0
2:600.0,1300.0
2:450.0,1250.0
2:550.0,1050.0
2:500.0,850.0
2:550.0,1500.0
2:500.0,950.0
2:450.0,900.0
2:550.0,1000.0
2:500.0,900.0
2:400.0,1050.0
2:400.0,850.0
2:600.0,1000.0

C1
2:400.0,1900.0
2:400.0,1800.0
2:300.0,1800.0
2:350.0,1800.0
2:250.0,1800.0
2:300.0,900.0
2:550.0,1800.0
2:600.0,1900.0
2:550.0,1900.0
2:500.0,1900.0
2:500.0,1900.0
2:550.0,1950.0
2:600.0,1900.0
2:600.0,1900.0
2:600.0,2000.0
2:500.0,1900.0
2:500.0,2000.0
2:600.0,1900.0
2:500.0,1700.0
2:500.0,1850.0
2:500.0,1980.0
2:500.0,1600.0
2:500.0,1900.0
2:450.0,1800.0
2:500.0,1850.0
2:500.0,1750.0
2:550.0,1750.0
2:500.0,1900.0
2:450.0,1800.0
2:600.0,1850.0
2:600.0,1800.0
2:650.0,2000.0
2:500.0,1700.0
2:500.0,1900.0
2:550.0,1800.0
2:500.0,2000.0
2:500.0,2000.0
2:500.0,1500.0
2:500.0,1500.0
2:550.0,1500.0
2:600.0,1800.0
2:550.0,1600.0
2:600.0,1600.0
2:550.0,1600.0
2:550.0,1500.0
2:550.0,1700.0
2:500.0,1500.0
2:500.0,1600.0
2:500.0,1600.0
2:450.0,1650.0
2:500.0,1550.0
2:450.0,1500.0
2:600.0,1750.0
2:400.0,1750.0
2:500.0,1600.0
2:550.0,1600.0
2:550.0,1500.0
2:500.0,1550.0
2:400.0,1700.0
2:500.0,1600.0
2:600.0,1500.0
2:500.0,1750.0
2:400.0,1750.0
2:500.0,1800.0
2:500.0,1700.0
2:550.0,1500.0
2:500.0,1800.0
2:700.0,1850.0
2:700.0,2000.0
2:450.0,1400.0
2:700.0,1900.0
2:650.0,2000.0
2:650.0,2000.0
2:650.0,1850.0
2:600.0,1850.0
2:650.0,1800.0
2:550.0,1800.0
2:600.0,1850.0
2:550.0,1750.0
2:500.0,2000.0
2:700.0,1800.0
2:500.0,2000.0
2:400.0,1900.0
2:550.0,1850.0
2:500.0,1800.0
2:500.0,1900.0
2:600.0,1800.0
2:650.0,1850.0
2:550.0,1950.0
2:600.0,1800.0
2:550.0,1750.0
2:650.0,1850.0
2:600.0,1750.0
2:550.0,1800.0
2:650.0,1900.0
2:650.0,1850.0
2:750.0,2050.0
2:500.0,2000.0
2:500.0,1850.0
2:550.0,1900.0
2:550.0,2100.0
2:550.0,2000.0
2:550.0,2000.0
2:550.0,2000.0
2:600.0,2100.0
2:500.0,2000.0
2:400.0,2000.0
2:550.0,1900.0
2:550.0,2000.0
2:500.0,2000.0
2:550.0,2000.0
2:450.0,2000.0
2:400.0,2000.0
2:400.0,2100.0
2:400.0,2000.0
2:400.0,1900.0
2:400.0,2000.0
2:400.0,2000.0
2:500.0,2000.0
2:400.0,2000.0
2:400.0,2000.0
2:450.0,2000.0
2:400.0,2100.0
2:400.0,1900.0
2:400.0,1900.0
2:400.0,2000.0
2:500.0,2100.0
2:900.0,2050.0
2:450.0,1800.0
2:450.0,1800.0
2:450.0,1800.0
2:450.0,1800.0
2:450.0,1800.0
2:400.0,1800.0
2:450.0,1600.0
2:500.0,1650.0
2:400.0,1800.0
2:400.0,1800.0
2:450.0,1850.0
2:350.0,1800.0
2:400.0,1850.0
2:350.0,1850.0
2:400.0,2000.0
2:500.0,1800.0
2:400.0,2000.0
2:400.0,1550.0
2:650.0,1900.0
2:650.0,1900.0
2:700.0,1900.0
2:700.0,1850.0
2:500.0,2400.0
2:500.0,1900.0

C2
2:550.0,2000.0
2:700.0,1400.0
2:600.0,1700.0
2:600.0,1800.0
2:550.0,1700.0
2:700.0,1750.0
2:650.0,1600.0
2:500.0,1900.0
2:500.0,1900.0
2:600.0,1850.0
2:700.0,1600.0
2:300.0,2100.0
2:300.0,2100.0
2:350.0,2200.0
2:300.0,2200.0
2:300.0,2050.0
2:350.0,2150.0
2:300.0,2100.0
2:300.0,2000.0
2:300.0,2100.0
2:300.0,2100.0
2:300.0,2100.0
2:300.0,2200.0
2:350.0,2200.0
2:300.0,2200.0
2:350.0,2300.0
2:300.0,2000.0
2:300.0,2100.0
2:300.0,2150.0
2:300.0,1900.0
2:350.0,2100.0
2:300.0,2200.0
2:300.0,2100.0
2:400.0,2000.0
2:300.0,2150.0
2:500.0,2000.0
2:450.0,1900.0
2:550.0,2100.0
2:500.0,2100.0
2:500.0,2100.0
2:500.0,2100.0
2:400.0,2100.0
2:400.0,2000.0
2:500.0,2200.0
2:400.0,1900.0
2:450.0,1950.0
2:350.0,1900.0
2:300.0,2000.0
2:350.0,2100.0
2:350.0,1900.0
2:300.0,1900.0
2:300.0,2100.0
2:400.0,2200.0
2:400.0,2200.0
2:400.0,1900.0
2:300.0,2150.0
2:450.0,2200.0
2:300.0,2250.0
2:300.0,2200.0
2:300.0,2200.0
2:300.0,2250.0
2:350.0,2300.0
2:300.0,2300.0
2:300.0,2250.0
2:350.0,2250.0
2:350.0,2250.0
2:350.0,2300.0
2:400.0,2400.0
2:350.0,2250.0
2:300.0,2200.0
2:350.0,2200.0
2:400.0,2250.0
2:350.0,2300.0
2:350.0,2300.0
2:400.0,2100.0
2:350.0,2200.0
2:300.0,2250.0
2:300.0,2150.0
2:350.0,2200.0
2:400.0,2350.0
2:400.0,2100.0
2:400.0,2200.0
2:300.0,2300.0
2:400.0,2300.0
2:300.0,2250.0
2:350.0,2200.0
2:300.0,2150.0
2:300.0,2300.0
2:300.0,2400.0
2:300.0,2200.0
2:350.0,2250.0
2:350.0,2200.0
2:350.0,2200.0
2:300.0,2300.0
2:300.0,2300.0
2:300.0,2300.0
2:300.0,2350.0
2:300.0,2300.0
2:300.0,2300.0
2:300.0,2200.0
2:300.0,2350.0
2:300.0,2200.0
2:300.0,2100.0
2:350.0,2300.0
2:350.0,2300.0
2:350.0,2350.0
2:300.0,2200.0
2:300.0,2350.0
2:350.0,2150.0
2:400.0,2300.0
2:500.0,2300.0
2:400.0,2250.0
2:400.0,2250.0
2:360.0,2250.0
2:400.0,2150.0
2:450.0,2150.0
2:400.0,2300.0
2:400.0,2250.0
2:400.0,2250.0
2:400.0,2250.0
2:400.0,2200.0
2:350.0,2300.0
2:350.0,2250.0
2:350.0,2250.0
2:350.0,2250.0
2:400.0,2250.0
2:350.0,2200.0
2:450.0,2200.0
2:400.0,2150.0
2:300.0,2100.0
2:300.0,2100.0
2:300.0,2100.0
2:300.0,2200.0
2:300.0,2050.0
2:300.0,2100.0
2:300.0,2100.0
2:300.0,2100.0
2:300.0,2200.0
2:300.0,2100.0
2:300.0,2100.0
2:300.0,2100.0
2:300.0,2400.0
2:300.0,2500.0
2:300.0,2400.0
2:300.0,2500.0
2:300.0,2500.0
2:300.0,2400.0
2:300.0,2350.0
2:300.0,2400.0
2:300.0,2400.0
2:300.0,2400.0
2:300.0,2300.0
2:300.0,2400.0
2:350.0,2500.0
2:350.0,2400.0
2:350.0,2400.0
2:350.0,2300.0
2:300.0,2350.0
2:300.0,2350.0
2:300.0,2300.0
2:350.0,2250.0
2:300.0,2250.0
2:300.0,2400.0
2:350.0,2350.0
2:350.0,2500.0
2:350.0,2400.0
2:350.0,2400.0
2:350.0,2550.0
2:350.0,2500.0
2:300.0,2400.0
2:350.0,2300.0
2:300.0,2250.0
2:400.0,2500.0
2:300.0,2300.0
2:300.0,2550.0
2:250.0,2100.0
2:500.0,2000.0
2:550.0,2100.0
2:600.0,2100.0
2:500.0,2200.0
2:500.0,2100.0
2:500.0,2100.0
2:550.0,2200.0
2:500.0,2200.0
2:500.0,2150.0
2:500.0,2300.0
2:500.0,2300.0
2:500.0,2250.0
2:450.0,2300.0
2:450.0,2300.0
2:400.0,2400.0
2:450.0,2200.0
2:450.0,2250.0
2:400.0,2200.0
2:400.0,2100.0
2:400.0,2250.0
2:550.0,2150.0
2:500.0,2200.0
2:450.0,2250.0
2:500.0,2200.0
2:400.0,2200.0
2:400.0,2300.0
2:450.0,2250.0
2:400.0,2300.0
2:600.0,2150.0
2:500.0,2300.0
2:400.0,2400.0
2:500.0,2100.0
2:450.0,2200.0
2:400.0,2250.0
2:500.0,2250.0
2:500.0,2200.0
2:400.0,2200.0
2:400.0,2250.0
2:500.0,2200.0
2:450.0,2300.0
2:450.0,2300.0
2:450.0,2250.0
2:400.0,2150.0


20:35:03.238 DEBUG MyProblem 166 describe - LSP

20:35:03.239 DEBUG MyProblem 162 describe - Instancia synthetic//200B2C4.data IS:0.6807779601349114
20:35:03.239 DEBUG MyProblem 163 describe - Error 0.18772265419242862 ,ajustado 0.16782405284803117
20:35:03.239 DEBUG MyProblem 164 describe - No agrupados 0.0 ,ajustado 0.0
20:35:03.239 DEBUG MyProblem 165 describe - LCP
C0
2:172.0859,116.3198
2:324.9433,193.9953
2:331.6143,224.0726
2:171.0533,225.7169
2:306.2638,157.0222
2:336.6555,185.3688
2:304.6973,288.4631
2:321.0589,261.9453
2:332.2666,201.4778
2:324.9649,248.1566
2:319.6217,238.2217
2:306.3339,288.1806
2:302.7064,157.0349
2:312.6737,233.8528
2:317.303,275.8357
2:306.9418,274.725
2:315.3671,216.2686
2:330.0434,273.656
2:312.6047,251.8582
2:323.3133,252.8683
2:313.9309,238.9985
2:318.6417,161.2505
2:326.3647,249.9315
2:311.3582,279.3379
2:310.1529,161.7445
2:328.1221,268.3651
2:310.6841,198.5549
2:322.9499,248.2373
2:327.9044,216.1028
2:346.2574,216.4161
2:304.5414,202.2841
2:313.7359,162.7536
2:300.7111,243.2257
2:323.6291,167.5479
2:342.2995,206.4539
2:337.9582,210.5623
2:343.014,237.5576
2:321.9344,265.4265
2:410.5724,371.1853
2:434.3748,293.9462
2:438.4503,314.9665
2:435.0442,330.9972
2:420.138,355.8096
2:418.8435,358.8544
2:415.8497,366.9574
2:420.1732,336.6439
2:443.8601,326.6281
2:423.0604,321.6633
2:416.1549,344.8144
2:426.8823,297.2781
2:416.2299,353.2525
2:421.5469,308.2323
2:442.7895,341.7728
2:412.779,373.1229
2:423.3631,311.8231
2:429.8565,272.3853
2:439.0817,295.8415
2:430.3795,294.9799
2:437.4157,292.5341
2:401.4834,259.2687
2:436.3114,284.2019
2:438.1908,300.8289
2:415.8407,273.6209
2:414.729,295.8221
2:424.7321,335.6766
2:406.2471,264.3423
2:413.9369,334.5893
2:411.5376,350.1079
2:422.0695,326.4496
2:438.0876,300.5827
2:405.3063,284.2561
2:428.7633,350.3832
2:416.3211,334.6295
2:428.1053,354.1412
2:409.6246,360.8195
2:406.5197,365.0574
2:223.6996,221.4327
2:227.2504,112.3241
2:191.8167,217.745
2:205.9632,159.3393
2:236.6496,195.4626
2:222.2213,140.3996
2:177.3645,181.7765
2:210.6491,197.7575
2:178.2741,176.7867
2:185.0995,211.7111
2:223.4765,121.5272
2:173.2033,139.7083
2:204.7128,162.3576
2:213.5586,216.0001
2:224.0128,145.4785
2:183.1623,204.5187
2:225.2819,174.3167
2:180.027,172.9797
2:242.7396,113.2056
2:178.0126,144.7834
2:184.5097,110.4927
2:213.1662,148.7074
2:227.2009,167.678
2:184.1168,121.6725
2:233.7466,175.1271
2:240.0901,187.0031
2:230.6258,120.2092
2:214.5331,170.8821
2:194.043,171.2813
2:213.6342,118.8159
2:216.5274,176.4687
2:202.8156,198.8801
2:217.6616,215.6617
2:204.9393,211.0691
2:209.2989,149.3376
2:191.6823,175.8378
2:202.9354,171.8993
2:180.864,141.3416
2:210.6351,222.8595
2:195.0417,202.4144
2:224.2327,141.0119
2:176.8349,133.6663
2:228.5629,122.9902
2:231.3679,156.2648
2:238.712,167.1718
2:230.639,164.1139
2:203.8899,194.5708
2:235.5515,209.9437

C1
2:194.6196,381.7664
2:180.6892,395.8637
2:203.6518,408.6927
2:168.838,407.7939
2:168.821,425.0165
2:190.6852,432.0909
2:161.3948,397.3063
2:219.1982,454.3984
2:217.5108,460.7982
2:174.1679,478.491
2:173.6491,395.4347
2:164.2648,437.7074
2:180.4021,381.2799
2:172.3885,436.1766
2:220.7082,469.712
2:161.5118,420.1592
2:183.7903,388.5384
2:174.6458,436.2577
2:205.8822,451.3973
2:161.9297,443.5468
2:169.7117,447.8286
2:195.7336,428.6359
2:207.0758,452.5154
2:221.0564,390.1272
2:217.5824,429.594
2:188.2097,408.634
2:205.5341,463.9045
2:217.1981,481.5299
2:182.808,425.0552
2:172.4966,460.1395
2:195.1887,393.659
2:185.4445,461.1237
2:213.3636,386.9467
2:191.479,414.2331
2:215.2095,398.5716
2:165.5752,417.2148
2:189.4713,381.524
2:207.0994,487.086
2:165.7569,465.301
2:188.7349,430.6461
2:219.3809,408.8239
2:162.9257,463.3266
2:212.8105,421.1276
2:183.4821,381.8048
2:169.7708,465.5873
2:171.5606,391.0513
2:161.0664,436.6271
2:162.4878,477.232
2:190.8197,466.2082
2:192.1393,494.7141


20:35:03.239 DEBUG MyProblem 166 describe - LSP

20:35:04.540 INFO  MyProblem 31 setup - setup problem!
21:33:27.729 DEBUG MyProblem 113 describe - 
Fitness: Standardized=2.2674447E-16 Adjusted=1.0 Hits=3
\begin{bundle}{\gpbox{Equal}}\chunk{\begin{bundle}{\gpbox{Not}}\chunk{\begin{bundle}{\gpbox{Equal}}\chunk{\begin{bundle}{\gpbox{And}}\chunk{\begin{bundle}{\gpbox{Equal}}\chunk{\gpbox{Create_Cp}}\chunk{\begin{bundle}{\gpbox{And}}\chunk{\begin{bundle}{\gpbox{If}}\chunk{\begin{bundle}{\gpbox{Or}}\chunk{\gpbox{Create_Cp}}\chunk{\gpbox{Move_Min}}\end{bundle}}\chunk{\gpbox{Create_Cp}}\end{bundle}}\chunk{\begin{bundle}{\gpbox{Equal}}\chunk{\begin{bundle}{\gpbox{Not}}\chunk{\begin{bundle}{\gpbox{Equal}}\chunk{\begin{bundle}{\gpbox{And}}\chunk{\begin{bundle}{\gpbox{If}}\chunk{\gpbox{Create_Cp}}\chunk{\gpbox{Create_Cp}}\end{bundle}}\chunk{\begin{bundle}{\gpbox{And}}\chunk{\begin{bundle}{\gpbox{If}}\chunk{\gpbox{Add_Mince}}\chunk{\gpbox{Move_Min}}\end{bundle}}\chunk{\begin{bundle}{\gpbox{Equal}}\chunk{\gpbox{Create_Cp}}\chunk{\gpbox{Move_Min}}\end{bundle}}\end{bundle}}\end{bundle}}\chunk{\begin{bundle}{\gpbox{Equal}}\chunk{\begin{bundle}{\gpbox{Equal}}\chunk{\gpbox{Create_Cp}}\chunk{\gpbox{Move_Min}}\end{bundle}}\chunk{\begin{bundle}{\gpbox{Equal}}\chunk{\gpbox{Create_Cp}}\chunk{\gpbox{Move_Min}}\end{bundle}}\end{bundle}}\end{bundle}}\end{bundle}}\chunk{\begin{bundle}{\gpbox{If}}\chunk{\begin{bundle}{\gpbox{While}}\chunk{\begin{bundle}{\gpbox{Or}}\chunk{\gpbox{Create_Cp}}\chunk{\gpbox{Move_Min}}\end{bundle}}\chunk{\begin{bundle}{\gpbox{And}}\chunk{\gpbox{Add_Mindot}}\chunk{\gpbox{Join_Cp}}\end{bundle}}\end{bundle}}\chunk{\begin{bundle}{\gpbox{Or}}\chunk{\begin{bundle}{\gpbox{Not}}\chunk{\gpbox{Move_Min}}\end{bundle}}\chunk{\gpbox{Join_Cp}}\end{bundle}}\end{bundle}}\end{bundle}}\end{bundle}}\end{bundle}}\chunk{\begin{bundle}{\gpbox{Not}}\chunk{\gpbox{Move_Min}}\end{bundle}}\end{bundle}}\chunk{\begin{bundle}{\gpbox{Equal}}\chunk{\begin{bundle}{\gpbox{Equal}}\chunk{\gpbox{Create_Cp}}\chunk{\gpbox{Move_Min}}\end{bundle}}\chunk{\begin{bundle}{\gpbox{Equal}}\chunk{\gpbox{Create_Cp}}\chunk{\gpbox{Move_Min}}\end{bundle}}\end{bundle}}\end{bundle}}\end{bundle}}\chunk{\gpbox{Join_Cp}}\end{bundle}
Tamaño del nodo: 55

21:33:27.730 DEBUG MyProblem 124 describe - Instancia test.data IS:0.706884334918814
21:33:27.730 DEBUG MyProblem 125 describe - Error 0.0 ,ajustado 0.0
21:33:27.731 DEBUG MyProblem 126 describe - No agrupados 0.0 ,ajustado 0.0
21:33:27.731 DEBUG MyProblem 127 describe - LCP
C0
2:2.0,3.0
2:1.0,2.0
2:1.0,3.0
2:2.0,2.0

C1
2:1.0,-2.0
2:1.0,-1.0
2:2.0,-1.0
2:2.0,-2.0
2:1.0,-3.0
2:2.0,-3.0


21:33:27.731 DEBUG MyProblem 128 describe - LSP

21:33:27.733 DEBUG MyProblem 124 describe - Instancia ruspini.data IS:0.7376569908806616
21:33:27.734 DEBUG MyProblem 125 describe - Error 4.515200309969416E-16 ,ajustado 4.036589077112658E-16
21:33:27.734 DEBUG MyProblem 126 describe - No agrupados 0.0 ,ajustado 0.0
21:33:27.735 DEBUG MyProblem 127 describe - LCP
C0
2:4.0,53.0
2:22.0,74.0
2:10.0,59.0
2:18.0,61.0
2:13.0,69.0
2:5.0,63.0
2:28.0,76.0
2:19.0,65.0
2:12.0,88.0
2:30.0,52.0
2:15.0,75.0
2:9.0,77.0
2:13.0,49.0
2:27.0,55.0
2:27.0,72.0
2:32.0,61.0
2:24.0,58.0
2:28.0,60.0
2:31.0,60.0
2:36.0,72.0

C1
2:32.0,149.0
2:35.0,153.0
2:33.0,154.0
2:38.0,151.0
2:41.0,150.0
2:38.0,145.0
2:38.0,143.0
2:32.0,143.0
2:34.0,141.0
2:44.0,156.0
2:44.0,149.0
2:44.0,143.0
2:46.0,142.0
2:47.0,149.0
2:49.0,152.0
2:50.0,142.0
2:53.0,144.0
2:52.0,152.0
2:55.0,155.0
2:54.0,124.0
2:60.0,136.0
2:63.0,139.0
2:28.0,147.0

C2
2:86.0,132.0
2:85.0,115.0
2:74.0,96.0
2:97.0,122.0
2:98.0,116.0
2:98.0,124.0
2:99.0,119.0
2:99.0,128.0
2:101.0,115.0
2:108.0,111.0
2:108.0,116.0
2:111.0,126.0
2:85.0,96.0
2:78.0,94.0
2:117.0,115.0
2:115.0,117.0
2:110.0,111.0

C3
2:77.0,12.0
2:83.0,21.0
2:61.0,15.0
2:69.0,15.0
2:78.0,16.0
2:66.0,18.0
2:58.0,13.0
2:64.0,20.0
2:69.0,21.0
2:66.0,23.0
2:61.0,25.0
2:76.0,27.0
2:72.0,31.0
2:64.0,30.0
2:70.0,4.0


21:33:27.736 DEBUG MyProblem 128 describe - LSP

21:33:27.740 DEBUG MyProblem 124 describe - Instancia synthetic//150B2C3.data IS:0.7289289082217242
21:33:27.740 DEBUG MyProblem 125 describe - Error 1.5230882080580773E-16 ,ajustado 1.361640858003921E-16
21:33:27.741 DEBUG MyProblem 126 describe - No agrupados 0.0 ,ajustado 0.0
21:33:27.744 DEBUG MyProblem 127 describe - LCP
C0
2:502.271,160.108
2:438.5036,186.8624
2:498.1292,188.587
2:436.2728,171.9744
2:515.4637,189.3975
2:441.462,203.4692
2:463.4692,179.829
2:479.2187,212.8896
2:425.6341,147.6262
2:428.6432,202.2395
2:516.6848,180.3167
2:453.6744,155.3623
2:449.9822,223.5225
2:396.8233,196.7053
2:516.3008,201.5016
2:439.1315,155.1202
2:412.408,211.2689
2:478.4647,155.079
2:403.3519,204.5548
2:422.8072,229.9631
2:433.267,149.578
2:420.4503,163.8612
2:504.565,163.779
2:456.1174,210.4069
2:401.1862,163.7918
2:460.4138,230.5062
2:406.6755,159.9474
2:398.6137,169.9393
2:410.1699,167.2242
2:412.2298,155.7058
2:440.1139,152.8328
2:441.8823,144.8493
2:435.1951,231.8914
2:437.7367,203.0617
2:414.9362,223.2192
2:421.5777,215.9361
2:428.5134,214.2945
2:407.7834,213.1548
2:432.8282,227.5378
2:490.3598,213.0444
2:467.7751,229.3891
2:497.9251,212.9732
2:488.6102,212.02
2:486.8068,216.663
2:455.2018,216.7733
2:513.5533,168.0243
2:478.9629,224.6851
2:413.9585,195.2905
2:422.5945,184.7827
2:424.3437,180.5602

C1
2:192.5495,343.9229
2:247.9911,399.8432
2:224.9249,364.8915
2:241.4013,413.8307
2:211.8677,348.4881
2:161.6965,410.4796
2:208.7912,344.8893
2:243.4942,444.5297
2:165.7616,367.1646
2:213.5015,369.0899
2:234.0004,396.1773
2:178.0577,377.6489
2:188.6436,343.9895
2:249.6713,423.9654
2:184.3204,349.1299
2:190.1115,351.8888
2:232.8901,404.8532
2:214.9054,356.636
2:189.0127,360.2331
2:143.2355,414.1079
2:166.0131,370.5057
2:196.5269,360.267
2:254.1373,436.5178
2:228.4817,360.867
2:163.8899,387.1088
2:242.5055,503.5139
2:252.1899,483.8816
2:222.564,348.8979
2:193.425,370.0399
2:243.781,508.3957
2:160.5948,408.6074
2:240.5278,510.8418
2:254.6961,480.1644
2:239.9546,455.6605
2:241.5066,467.1079
2:235.461,465.8401
2:240.3094,411.5802
2:235.037,510.9634
2:238.5395,497.8024
2:243.529,460.2181
2:247.7379,473.3085
2:229.4579,358.8073
2:240.8923,486.9575
2:214.5954,362.9352
2:237.8689,441.0483
2:231.1519,399.3051
2:246.2031,435.7583
2:241.484,486.6073
2:240.4104,457.5375

C2
2:171.6707,126.7152
2:182.798,237.7593
2:152.0034,166.0311
2:199.7787,107.1626
2:200.2314,229.8261
2:260.9574,116.7881
2:166.0802,156.4419
2:197.0704,249.2911
2:145.9113,173.3159
2:155.8739,145.4103
2:180.0887,130.7484
2:148.9101,192.4681
2:199.5935,228.0333
2:153.5724,139.139
2:163.4839,169.8026
2:142.941,186.2504
2:152.1257,165.7606
2:188.2612,225.8483
2:193.3959,233.8884
2:165.6161,232.52
2:154.4124,132.9599
2:156.1218,177.9278
2:145.3109,150.2292
2:181.6305,131.7465
2:160.4084,125.6139
2:144.009,169.5401
2:198.3978,228.3225
2:165.9878,119.9031
2:156.7262,222.4368
2:165.1405,129.2023
2:143.5976,159.7517
2:158.6146,122.2544
2:242.2214,96.2138
2:195.5316,125.1255
2:260.6326,101.359
2:237.8495,118.337
2:222.8879,98.17
2:199.3192,95.9996
2:169.7966,132.5407
2:248.5609,107.7191
2:253.1617,94.021
2:166.699,145.9332
2:232.885,122.7003
2:160.4383,166.2443
2:232.3456,114.2112
2:164.5204,118.7205
2:219.46,108.4098
2:239.2293,97.3207
2:247.922,119.7471
2:212.5121,105.1899


21:33:27.745 DEBUG MyProblem 128 describe - LSP

21:33:27.745 DEBUG MyProblem 140 describe - Termino
21:33:27.745 DEBUG MyProblem 146 describe - 
USANDO INSTANCIAS DE VALIDACION***************

21:33:39.097 DEBUG MyProblem 153 describe - 
Fitness: Standardized=0.26470336 Adjusted=0.79069924 Hits=1
Tamaño del nodo: 55

21:33:39.097 DEBUG MyProblem 162 describe - Instancia ruspini.data IS:0.7376569908806616
21:33:39.097 DEBUG MyProblem 163 describe - Error 4.515200309969416E-16 ,ajustado 4.036589077112658E-16
21:33:39.098 DEBUG MyProblem 164 describe - No agrupados 0.0 ,ajustado 0.0
21:33:39.098 DEBUG MyProblem 165 describe - LCP
C0
2:4.0,53.0
2:22.0,74.0
2:10.0,59.0
2:18.0,61.0
2:5.0,63.0
2:13.0,49.0
2:28.0,76.0
2:19.0,65.0
2:9.0,77.0
2:27.0,55.0
2:12.0,88.0
2:30.0,52.0
2:15.0,75.0
2:13.0,69.0
2:27.0,72.0
2:32.0,61.0
2:24.0,58.0
2:28.0,60.0
2:31.0,60.0
2:36.0,72.0

C1
2:32.0,149.0
2:35.0,153.0
2:33.0,154.0
2:38.0,151.0
2:41.0,150.0
2:38.0,145.0
2:38.0,143.0
2:32.0,143.0
2:34.0,141.0
2:44.0,156.0
2:44.0,149.0
2:44.0,143.0
2:46.0,142.0
2:47.0,149.0
2:49.0,152.0
2:50.0,142.0
2:53.0,144.0
2:52.0,152.0
2:55.0,155.0
2:54.0,124.0
2:60.0,136.0
2:63.0,139.0
2:28.0,147.0

C2
2:86.0,132.0
2:85.0,115.0
2:74.0,96.0
2:97.0,122.0
2:98.0,116.0
2:98.0,124.0
2:99.0,119.0
2:99.0,128.0
2:101.0,115.0
2:108.0,111.0
2:108.0,116.0
2:111.0,126.0
2:85.0,96.0
2:78.0,94.0
2:117.0,115.0
2:115.0,117.0
2:110.0,111.0

C3
2:77.0,12.0
2:83.0,21.0
2:61.0,15.0
2:69.0,15.0
2:78.0,16.0
2:66.0,18.0
2:58.0,13.0
2:64.0,20.0
2:69.0,21.0
2:66.0,23.0
2:61.0,25.0
2:76.0,27.0
2:72.0,31.0
2:64.0,30.0
2:70.0,4.0


21:33:39.098 DEBUG MyProblem 166 describe - LSP

21:33:39.099 DEBUG MyProblem 162 describe - Instancia iris.data IS:0.5032506980665505
21:33:39.099 DEBUG MyProblem 163 describe - Error 0.22565693681639865 ,ajustado 0.2017373015138604
21:33:39.099 DEBUG MyProblem 164 describe - No agrupados 0.0 ,ajustado 0.0
21:33:39.099 DEBUG MyProblem 165 describe - LCP
C0
4:4.9,3.0,1.4,0.2
4:4.9,3.1,1.5,0.1
4:4.8,3.0,1.4,0.1
4:4.6,3.1,1.5,0.2
4:4.7,3.2,1.3,0.2
4:4.6,3.4,1.4,0.3
4:5.0,3.2,1.2,0.2
4:4.4,3.0,1.3,0.2
4:5.1,3.4,1.5,0.2
4:5.0,3.5,1.3,0.3
4:4.5,2.3,1.3,0.3
4:4.4,3.2,1.3,0.2
4:5.0,3.5,1.6,0.6
4:5.0,3.6,1.4,0.2
4:5.1,3.5,1.4,0.2
4:5.0,3.4,1.5,0.2
4:5.0,3.3,1.4,0.2
4:4.6,3.6,1.0,0.2
4:5.1,3.3,1.7,0.5
4:5.2,3.4,1.4,0.2
4:4.7,3.2,1.6,0.2
4:4.8,3.1,1.6,0.2
4:5.4,3.4,1.5,0.4
4:5.4,3.9,1.7,0.4
4:4.8,3.4,1.6,0.2
4:5.4,3.4,1.7,0.2
4:5.1,3.7,1.5,0.4
4:5.0,3.4,1.6,0.4
4:5.2,3.5,1.5,0.2
4:5.5,3.5,1.3,0.2
4:5.1,3.8,1.9,0.4
4:4.8,3.0,1.4,0.3
4:5.1,3.8,1.6,0.2
4:4.6,3.2,1.4,0.2
4:4.8,3.4,1.9,0.2
4:5.0,3.0,1.6,0.2
4:4.4,2.9,1.4,0.2
4:4.3,3.0,1.1,0.1
4:5.4,3.7,1.5,0.2
4:5.7,4.4,1.5,0.4
4:5.8,4.0,1.2,0.2
4:5.1,3.5,1.4,0.3
4:5.4,3.9,1.3,0.4
4:5.7,3.8,1.7,0.3
4:5.1,3.8,1.5,0.3
4:5.2,4.1,1.5,0.1
4:5.5,4.2,1.4,0.2

C1
4:5.3,3.7,1.5,0.2
4:7.0,3.2,4.7,1.4

C2
4:6.4,3.2,4.5,1.5
4:6.9,3.1,4.9,1.5
4:6.6,3.0,4.4,1.4
4:6.8,2.8,4.8,1.4
4:6.7,3.0,5.0,1.7
4:6.0,2.9,4.5,1.5
4:6.0,3.4,4.5,1.6
4:6.7,3.1,4.7,1.5
4:5.5,2.3,4.0,1.3
4:6.5,2.8,4.6,1.5
4:5.7,2.8,4.5,1.3
4:6.3,3.3,4.7,1.6
4:4.9,2.4,3.3,1.0
4:6.6,2.9,4.6,1.3
4:5.9,3.0,4.2,1.5
4:6.0,2.2,4.0,1.0
4:6.1,2.9,4.7,1.4
4:5.6,2.9,3.6,1.3
4:6.7,3.1,4.4,1.4
4:5.6,3.0,4.5,1.5
4:5.8,2.7,4.1,1.0
4:6.2,2.2,4.5,1.5
4:5.6,2.5,3.9,1.1
4:5.9,3.2,4.8,1.8
4:6.1,2.8,4.0,1.3
4:6.3,2.5,4.9,1.5
4:6.1,2.8,4.7,1.2
4:6.4,2.9,4.3,1.3
4:6.0,2.7,5.1,1.6
4:5.4,3.0,4.5,1.5
4:6.3,2.3,4.4,1.3
4:5.6,3.0,4.1,1.3
4:6.1,3.0,4.6,1.4
4:5.8,2.6,4.0,1.2
4:5.7,3.0,4.2,1.2
4:5.7,2.9,4.2,1.3
4:5.2,2.7,3.9,1.4
4:5.0,2.0,3.5,1.0
4:5.7,2.6,3.5,1.0
4:5.5,2.4,3.8,1.1
4:5.5,2.4,3.7,1.0
4:5.8,2.7,3.9,1.2
4:5.5,2.5,4.0,1.3
4:5.5,2.6,4.4,1.2
4:5.0,2.3,3.3,1.0
4:5.6,2.7,4.2,1.3
4:6.2,2.9,4.3,1.3
4:5.1,2.5,3.0,1.1

C3
4:5.7,2.8,4.1,1.3
4:6.3,3.3,6.0,2.5
4:5.8,2.7,5.1,1.9
4:6.3,2.9,5.6,1.8
4:6.5,3.0,5.8,2.2
4:7.6,3.0,6.6,2.1
4:4.9,2.5,4.5,1.7
4:7.2,3.6,6.1,2.5
4:6.5,3.2,5.1,2.0
4:6.4,2.7,5.3,1.9
4:5.7,2.5,5.0,2.0
4:5.8,2.8,5.1,2.4
4:6.4,3.2,5.3,2.3
4:6.5,3.0,5.5,1.8
4:6.0,2.2,5.0,1.5
4:6.3,2.7,4.9,1.8
4:6.7,3.3,5.7,2.1
4:7.2,3.2,6.0,1.8
4:6.2,2.8,4.8,1.8
4:6.4,2.8,5.6,2.1
4:6.3,2.8,5.1,1.5
4:6.1,2.6,5.6,1.4
4:6.4,3.1,5.5,1.8
4:6.0,3.0,4.8,1.8
4:6.9,3.1,5.1,2.3
4:6.7,3.0,5.2,2.3
4:6.3,2.5,5.0,1.9
4:6.5,3.0,5.2,2.0
4:6.2,3.4,5.4,2.3
4:5.9,3.0,5.1,1.8
4:6.1,3.0,4.9,1.8
4:7.3,2.9,6.3,1.8
4:6.7,2.5,5.8,1.8
4:5.6,2.8,4.9,2.0
4:7.7,2.8,6.7,2.0
4:7.2,3.0,5.8,1.6
4:7.4,2.8,6.1,1.9
4:7.9,3.8,6.4,2.0
4:6.4,2.8,5.6,2.2
4:7.7,3.0,6.1,2.3
4:6.3,3.4,5.6,2.4
4:6.9,3.1,5.4,2.1
4:6.7,3.1,5.6,2.4
4:6.8,3.2,5.9,2.3
4:6.7,3.3,5.7,2.5
4:7.1,3.0,5.9,2.1
4:6.9,3.2,5.7,2.3
4:6.8,3.0,5.5,2.1

C4
4:7.7,3.8,6.7,2.2
4:7.7,2.6,6.9,2.3


21:33:39.099 DEBUG MyProblem 166 describe - LSP

21:33:39.100 DEBUG MyProblem 162 describe - Instancia vowel.data IS:0.20020024646806392
21:33:39.100 DEBUG MyProblem 163 describe - Error 0.9167207655737755 ,ajustado 0.8195483644229553
21:33:39.100 DEBUG MyProblem 164 describe - No agrupados 0.0 ,ajustado 0.0
21:33:39.101 DEBUG MyProblem 165 describe - LCP
C0
2:700.0,1500.0
2:700.0,1500.0
2:650.0,1550.0
2:700.0,1600.0
2:600.0,1600.0
2:550.0,1600.0
2:550.0,1550.0
2:650.0,1600.0
2:550.0,1400.0
2:550.0,1800.0
2:600.0,1400.0
2:550.0,1700.0
2:700.0,1400.0
2:450.0,1650.0
2:500.0,1450.0
2:700.0,1550.0
2:550.0,1500.0
2:500.0,1500.0
2:600.0,1700.0
2:650.0,1400.0
2:600.0,1800.0
2:750.0,1350.0
2:700.0,1750.0
2:600.0,1300.0
2:700.0,1350.0
2:500.0,1900.0
2:700.0,1300.0
2:650.0,1200.0
2:600.0,1850.0
2:500.0,1750.0
2:550.0,2000.0
2:400.0,1200.0
2:550.0,1200.0
2:600.0,1250.0
2:600.0,1200.0
2:600.0,1350.0
2:500.0,1350.0
2:500.0,1200.0
2:550.0,1350.0
2:500.0,1400.0
2:550.0,1300.0
2:650.0,1200.0
2:600.0,1200.0
2:750.0,1500.0
2:650.0,1350.0
2:650.0,1300.0
2:750.0,1250.0
2:650.0,1350.0
2:550.0,1200.0
2:750.0,1300.0
2:750.0,1150.0
2:600.0,1350.0
2:700.0,1300.0
2:800.0,1250.0
2:750.0,1250.0
2:650.0,1300.0
2:700.0,1150.0
2:600.0,1550.0
2:650.0,1250.0
2:700.0,1600.0
2:700.0,1250.0
2:600.0,1500.0
2:800.0,1350.0
2:800.0,1300.0
2:750.0,1200.0
2:700.0,1200.0
2:750.0,1350.0
2:750.0,1100.0
2:800.0,1200.0
2:750.0,1400.0
2:650.0,1100.0
2:650.0,1150.0
2:650.0,1050.0
2:700.0,1100.0
2:600.0,1000.0
2:600.0,1050.0
2:600.0,1100.0
2:400.0,950.0
2:500.0,2000.0
2:500.0,1500.0
2:550.0,1500.0
2:600.0,1500.0
2:600.0,1600.0
2:550.0,1600.0
2:550.0,1700.0
2:500.0,1550.0
2:450.0,1500.0
2:400.0,1200.0
2:600.0,1750.0
2:450.0,1400.0
2:500.0,1300.0
2:500.0,1750.0
2:450.0,1350.0
2:400.0,1750.0
2:500.0,1200.0
2:450.0,1800.0
2:450.0,1300.0
2:450.0,1200.0
2:400.0,1300.0
2:500.0,1400.0
2:550.0,1400.0
2:550.0,1250.0
2:500.0,1250.0
2:600.0,1200.0
2:550.0,1300.0
2:600.0,1100.0
2:550.0,1500.0
2:600.0,1300.0
2:400.0,1800.0
2:400.0,1550.0
2:500.0,1650.0
2:450.0,1850.0
2:500.0,1100.0
2:500.0,1900.0
2:500.0,1600.0

C1
2:300.0,2100.0
2:300.0,2100.0
2:300.0,2000.0
2:350.0,2200.0
2:300.0,2200.0
2:300.0,2050.0
2:350.0,2150.0
2:350.0,2300.0
2:300.0,2150.0
2:250.0,2100.0
2:350.0,2100.0
2:300.0,1900.0
2:400.0,2000.0
2:550.0,2100.0
2:500.0,2200.0
2:500.0,2100.0
2:400.0,2100.0
2:350.0,1800.0
2:400.0,2200.0
2:450.0,2200.0
2:300.0,2250.0
2:400.0,2150.0
2:450.0,2150.0
2:300.0,2400.0
2:300.0,2300.0
2:350.0,2250.0
2:400.0,2400.0
2:400.0,2250.0
2:400.0,2350.0
2:400.0,2300.0
2:300.0,2350.0
2:350.0,2350.0
2:500.0,2300.0
2:360.0,2250.0
2:300.0,2550.0
2:300.0,2500.0
2:350.0,2500.0
2:350.0,2400.0
2:350.0,2550.0
2:400.0,2500.0
2:500.0,2200.0
2:500.0,2100.0
2:500.0,2150.0
2:500.0,2000.0
2:400.0,2000.0
2:400.0,2100.0
2:500.0,2300.0
2:700.0,1900.0
2:500.0,2250.0
2:450.0,2300.0
2:400.0,2400.0
2:600.0,2150.0
2:450.0,2200.0
2:450.0,2250.0
2:400.0,2200.0
2:400.0,2250.0
2:550.0,2150.0
2:400.0,2300.0
2:500.0,2400.0
2:400.0,2150.0
2:400.0,1600.0
2:400.0,1900.0
2:400.0,1800.0
2:450.0,1950.0
2:350.0,1900.0
2:300.0,1500.0
2:300.0,1800.0
2:250.0,1800.0
2:550.0,1800.0
2:550.0,1950.0
2:600.0,1900.0
2:550.0,1900.0
2:500.0,1900.0
2:650.0,2000.0
2:600.0,2000.0
2:500.0,1700.0
2:500.0,1850.0
2:500.0,1980.0
2:500.0,1600.0
2:450.0,1800.0
2:500.0,1750.0
2:550.0,1750.0
2:600.0,1850.0
2:600.0,1800.0
2:550.0,2100.0
2:550.0,1600.0
2:450.0,1650.0
2:400.0,1750.0
2:500.0,1550.0
2:400.0,1700.0
2:500.0,1800.0
2:550.0,1500.0
2:700.0,1850.0
2:700.0,2000.0
2:750.0,2050.0
2:650.0,1850.0
2:650.0,1800.0
2:600.0,2100.0
2:700.0,1800.0
2:400.0,1900.0
2:550.0,1850.0
2:550.0,2200.0
2:600.0,1750.0
2:650.0,1900.0
2:900.0,2050.0
2:550.0,2000.0
2:450.0,2000.0
2:450.0,1600.0
2:350.0,1800.0
2:400.0,1850.0
2:350.0,1850.0
2:450.0,1900.0
2:500.0,2000.0

C2
2:400.0,1150.0
2:300.0,900.0
2:350.0,900.0
2:300.0,1200.0
2:350.0,1000.0
2:350.0,1100.0
2:350.0,1250.0
2:450.0,1150.0
2:350.0,1050.0
2:400.0,1250.0
2:350.0,1150.0
2:400.0,1000.0
2:400.0,1200.0
2:500.0,1400.0
2:450.0,1000.0
2:450.0,950.0
2:400.0,1100.0
2:300.0,1050.0
2:300.0,1100.0
2:300.0,1000.0
2:400.0,1050.0
2:500.0,1100.0
2:350.0,1200.0
2:500.0,1300.0
2:400.0,900.0
2:350.0,800.0
2:350.0,850.0
2:350.0,950.0
2:400.0,850.0
2:350.0,750.0
2:380.0,950.0
2:300.0,950.0
2:300.0,850.0
2:300.0,800.0
2:400.0,1250.0
2:400.0,1300.0
2:350.0,700.0
2:400.0,900.0
2:400.0,1000.0
2:450.0,1200.0
2:500.0,1100.0
2:600.0,1050.0
2:450.0,1100.0
2:400.0,1200.0
2:600.0,1150.0
2:450.0,1150.0
2:400.0,1150.0
2:400.0,1160.0
2:400.0,1100.0
2:400.0,1300.0
2:600.0,1200.0
2:500.0,1200.0
2:550.0,1250.0
2:500.0,1000.0
2:550.0,1100.0
2:450.0,1050.0
2:500.0,1250.0
2:450.0,1000.0
2:450.0,950.0
2:500.0,1050.0
2:500.0,1150.0
2:600.0,1100.0
2:400.0,950.0
2:450.0,1250.0
2:550.0,1050.0
2:500.0,850.0
2:400.0,800.0
2:500.0,950.0
2:450.0,900.0
2:550.0,1000.0
2:500.0,900.0
2:400.0,1050.0
2:400.0,850.0
2:600.0,1000.0


21:33:39.101 DEBUG MyProblem 166 describe - LSP

21:33:39.101 DEBUG MyProblem 162 describe - Instancia synthetic//200B2C4.data IS:0.6807779601349114
21:33:39.101 DEBUG MyProblem 163 describe - Error 0.04197741016278786 ,ajustado 0.037527804685532344
21:33:39.101 DEBUG MyProblem 164 describe - No agrupados 0.0 ,ajustado 0.0
21:33:39.102 DEBUG MyProblem 165 describe - LCP
C0
2:194.6196,381.7664
2:180.6892,395.8637
2:168.838,407.7939
2:168.821,425.0165
2:161.3948,397.3063
2:173.6491,395.4347
2:161.5118,420.1592
2:183.7903,388.5384
2:215.2095,398.5716
2:165.5752,417.2148
2:212.8105,421.1276
2:183.4821,381.8048
2:217.5108,460.7982
2:217.1981,481.5299
2:219.1982,454.3984
2:172.3885,436.1766
2:220.7082,469.712
2:195.7336,428.6359
2:207.0758,452.5154
2:207.0994,487.086
2:182.808,425.0552
2:190.6852,432.0909
2:191.479,414.2331
2:203.6518,408.6927
2:188.2097,408.634
2:205.5341,463.9045
2:195.1887,393.659
2:213.3636,386.9467
2:189.4713,381.524
2:192.1393,494.7141
2:219.3809,408.8239
2:162.9257,463.3266
2:174.1679,478.491
2:180.4021,381.2799
2:164.2648,437.7074
2:174.6458,436.2577
2:205.8822,451.3973
2:161.9297,443.5468
2:169.7117,447.8286
2:165.7569,465.301
2:188.7349,430.6461
2:169.7708,465.5873
2:171.5606,391.0513
2:161.0664,436.6271
2:162.4878,477.232
2:221.0564,390.1272
2:217.5824,429.594
2:190.8197,466.2082
2:185.4445,461.1237
2:172.4966,460.1395

C1
2:331.6143,224.0726
2:306.2638,157.0222
2:318.6417,161.2505
2:326.3647,249.9315
2:346.2574,216.4161
2:304.5414,202.2841
2:313.7359,162.7536
2:300.7111,243.2257
2:323.6291,167.5479
2:342.2995,206.4539
2:336.6555,185.3688
2:304.6973,288.4631
2:321.0589,261.9453
2:332.2666,201.4778
2:324.9649,248.1566
2:319.6217,238.2217
2:306.3339,288.1806
2:302.7064,157.0349
2:312.6737,233.8528
2:317.303,275.8357
2:306.9418,274.725
2:315.3671,216.2686
2:330.0434,273.656
2:312.6047,251.8582
2:323.3133,252.8683
2:313.9309,238.9985
2:311.3582,279.3379
2:310.1529,161.7445
2:328.1221,268.3651
2:310.6841,198.5549
2:322.9499,248.2373
2:327.9044,216.1028
2:337.9582,210.5623
2:343.014,237.5576
2:321.9344,265.4265
2:410.5724,371.1853
2:406.5197,365.0574
2:223.6996,221.4327
2:324.9433,193.9953

C2
2:434.3748,293.9462
2:438.4503,314.9665
2:435.0442,330.9972
2:420.138,355.8096
2:418.8435,358.8544
2:415.8497,366.9574
2:420.1732,336.6439
2:443.8601,326.6281
2:423.0604,321.6633
2:416.1549,344.8144
2:426.8823,297.2781
2:416.2299,353.2525
2:421.5469,308.2323
2:442.7895,341.7728
2:412.779,373.1229
2:423.3631,311.8231
2:429.8565,272.3853
2:439.0817,295.8415
2:430.3795,294.9799
2:437.4157,292.5341
2:401.4834,259.2687
2:436.3114,284.2019
2:438.1908,300.8289
2:415.8407,273.6209
2:414.729,295.8221
2:424.7321,335.6766
2:406.2471,264.3423
2:413.9369,334.5893
2:411.5376,350.1079
2:422.0695,326.4496
2:438.0876,300.5827
2:405.3063,284.2561
2:428.7633,350.3832
2:416.3211,334.6295
2:428.1053,354.1412
2:409.6246,360.8195

C3
2:227.2504,112.3241
2:191.8167,217.745
2:205.9632,159.3393
2:171.0533,225.7169
2:222.2213,140.3996
2:177.3645,181.7765
2:210.6491,197.7575
2:178.2741,176.7867
2:185.0995,211.7111
2:223.4765,121.5272
2:173.2033,139.7083
2:204.7128,162.3576
2:213.5586,216.0001
2:224.0128,145.4785
2:183.1623,204.5187
2:225.2819,174.3167
2:180.027,172.9797
2:242.7396,113.2056
2:178.0126,144.7834
2:184.5097,110.4927
2:213.1662,148.7074
2:227.2009,167.678
2:184.1168,121.6725
2:233.7466,175.1271
2:240.0901,187.0031
2:230.6258,120.2092
2:172.0859,116.3198
2:214.5331,170.8821
2:194.043,171.2813
2:213.6342,118.8159
2:216.5274,176.4687
2:202.8156,198.8801
2:217.6616,215.6617
2:204.9393,211.0691
2:209.2989,149.3376
2:191.6823,175.8378
2:202.9354,171.8993
2:180.864,141.3416
2:210.6351,222.8595
2:195.0417,202.4144
2:224.2327,141.0119
2:176.8349,133.6663
2:228.5629,122.9902
2:231.3679,156.2648
2:238.712,167.1718
2:230.639,164.1139
2:203.8899,194.5708
2:235.5515,209.9437
2:236.6496,195.4626


21:33:39.102 DEBUG MyProblem 166 describe - LSP

21:33:40.426 INFO  MyProblem 31 setup - setup problem!
22:08:45.320 INFO  MyProblem 31 setup - setup problem!
