17:46:17.840 INFO  MyProblem 30 setup - setup problem!
17:48:12.288 DEBUG MyProblem 106 describe - 
Fitness: Standardized=0.32677904 Adjusted=0.753705 Hits=0
\begin{bundle}{\gpbox{Or}}\chunk{\begin{bundle}{\gpbox{And}}\chunk{\begin{bundle}{\gpbox{Or}}\chunk{\begin{bundle}{\gpbox{And}}\chunk{\begin{bundle}{\gpbox{And}}\chunk{\gpbox{Add_Mindot}}\chunk{\gpbox{Create_Cp}}\end{bundle}}\chunk{\gpbox{Add_Mindot}}\end{bundle}}\chunk{\gpbox{Create_Cp}}\end{bundle}}\chunk{\begin{bundle}{\gpbox{And}}\chunk{\begin{bundle}{\gpbox{Not}}\chunk{\gpbox{Add_Mindot}}\end{bundle}}\chunk{\begin{bundle}{\gpbox{And}}\chunk{\begin{bundle}{\gpbox{If}}\chunk{\gpbox{Join_Cp}}\chunk{\gpbox{Create_Cp}}\end{bundle}}\chunk{\gpbox{Add_Mindot}}\end{bundle}}\end{bundle}}\end{bundle}}\chunk{\begin{bundle}{\gpbox{And}}\chunk{\begin{bundle}{\gpbox{And}}\chunk{\begin{bundle}{\gpbox{And}}\chunk{\begin{bundle}{\gpbox{If}}\chunk{\gpbox{Join_Cp}}\chunk{\gpbox{Create_Cp}}\end{bundle}}\chunk{\gpbox{Create_Cp}}\end{bundle}}\chunk{\begin{bundle}{\gpbox{While}}\chunk{\gpbox{Add_Mindot}}\chunk{\gpbox{Move_Min}}\end{bundle}}\end{bundle}}\chunk{\begin{bundle}{\gpbox{If}}\chunk{\gpbox{Join_Cp}}\chunk{\gpbox{Create_Cp}}\end{bundle}}\end{bundle}}\end{bundle}

17:48:12.289 DEBUG MyProblem 116 describe - Instancia test.data
17:48:12.290 DEBUG MyProblem 117 describe - Error 0.14655783254059296 ,ajustado 0.13483320593734552
17:48:12.290 DEBUG MyProblem 118 describe - No agrupados 0.0 ,ajustado 0.0
17:48:12.290 DEBUG MyProblem 119 describe - LCP
C0
2:2.0,3.0
2:2.0,2.0
2:1.0,3.0
2:1.0,2.0

C1
2:1.0,-3.0
2:1.0,-1.0
2:2.0,-1.0
2:2.0,-2.0
2:1.0,-2.0
2:2.0,-3.0


17:48:12.291 DEBUG MyProblem 120 describe - LSP

17:48:12.293 DEBUG MyProblem 116 describe - Instancia ruspini.data
17:48:12.293 DEBUG MyProblem 117 describe - Error 0.2086367895923526 ,ajustado 0.1919458464249644
17:48:12.293 DEBUG MyProblem 118 describe - No agrupados 0.0 ,ajustado 0.0
17:48:12.295 DEBUG MyProblem 119 describe - LCP
C0
2:83.0,21.0
2:13.0,69.0
2:12.0,88.0
2:9.0,77.0
2:22.0,74.0
2:27.0,72.0
2:28.0,76.0
2:15.0,75.0
2:19.0,65.0
2:18.0,61.0
2:24.0,58.0
2:28.0,60.0
2:10.0,59.0
2:5.0,63.0
2:31.0,60.0
2:32.0,61.0
2:27.0,55.0
2:30.0,52.0
2:13.0,49.0
2:4.0,53.0
2:36.0,72.0
2:70.0,4.0
2:77.0,12.0
2:61.0,15.0
2:69.0,15.0
2:78.0,16.0
2:66.0,18.0
2:58.0,13.0
2:64.0,20.0
2:69.0,21.0
2:66.0,23.0
2:61.0,25.0
2:76.0,27.0
2:72.0,31.0
2:64.0,30.0

C1
2:44.0,143.0
2:46.0,142.0
2:44.0,149.0
2:47.0,149.0
2:41.0,150.0
2:49.0,152.0
2:38.0,145.0
2:50.0,142.0
2:38.0,143.0
2:53.0,144.0
2:38.0,151.0
2:52.0,152.0
2:44.0,156.0
2:55.0,155.0
2:35.0,153.0
2:54.0,124.0
2:34.0,141.0
2:60.0,136.0
2:32.0,143.0
2:63.0,139.0
2:32.0,149.0
2:86.0,132.0
2:33.0,154.0
2:85.0,115.0
2:28.0,147.0
2:78.0,94.0
2:74.0,96.0
2:97.0,122.0
2:98.0,116.0
2:98.0,124.0
2:99.0,119.0
2:99.0,128.0
2:101.0,115.0
2:85.0,96.0
2:108.0,111.0
2:108.0,116.0
2:111.0,126.0
2:110.0,111.0
2:115.0,117.0
2:117.0,115.0


17:48:12.296 DEBUG MyProblem 120 describe - LSP

17:48:13.871 INFO  MyProblem 30 setup - setup problem!
17:49:53.461 DEBUG MyProblem 106 describe - 
Fitness: Standardized=0.32677904 Adjusted=0.753705 Hits=0
\begin{bundle}{\gpbox{Or}}\chunk{\begin{bundle}{\gpbox{And}}\chunk{\begin{bundle}{\gpbox{If}}\chunk{\begin{bundle}{\gpbox{Or}}\chunk{\gpbox{Create_Cp}}\chunk{\gpbox{Move_Min}}\end{bundle}}\chunk{\begin{bundle}{\gpbox{And}}\chunk{\gpbox{Add_Mindot}}\chunk{\gpbox{Create_Cp}}\end{bundle}}\end{bundle}}\chunk{\begin{bundle}{\gpbox{While}}\chunk{\begin{bundle}{\gpbox{If}}\chunk{\gpbox{Add_Mindot}}\chunk{\gpbox{Create_Cp}}\end{bundle}}\chunk{\begin{bundle}{\gpbox{And}}\chunk{\begin{bundle}{\gpbox{If}}\chunk{\gpbox{Add_Mindot}}\chunk{\gpbox{Join_Cp}}\end{bundle}}\chunk{\gpbox{Add_Mindot}}\end{bundle}}\end{bundle}}\end{bundle}}\chunk{\begin{bundle}{\gpbox{And}}\chunk{\begin{bundle}{\gpbox{If}}\chunk{\begin{bundle}{\gpbox{And}}\chunk{\gpbox{Add_Mindot}}\chunk{\gpbox{Create_Cp}}\end{bundle}}\chunk{\begin{bundle}{\gpbox{Or}}\chunk{\gpbox{Create_Cp}}\chunk{\gpbox{Join_Cp}}\end{bundle}}\end{bundle}}\chunk{\begin{bundle}{\gpbox{If}}\chunk{\gpbox{Create_Cp}}\chunk{\begin{bundle}{\gpbox{Not}}\chunk{\gpbox{Add_Mindot}}\end{bundle}}\end{bundle}}\end{bundle}}\end{bundle}

17:49:53.462 DEBUG MyProblem 116 describe - Instancia test.data
17:49:53.462 DEBUG MyProblem 117 describe - Error 0.146557832540593 ,ajustado 0.13483320593734557
17:49:53.463 DEBUG MyProblem 118 describe - No agrupados 0.0 ,ajustado 0.0
17:49:53.463 DEBUG MyProblem 119 describe - LCP
C0
2:2.0,3.0
2:1.0,3.0
2:2.0,2.0
2:1.0,2.0

C1
2:2.0,-1.0
2:1.0,-1.0
2:2.0,-2.0
2:1.0,-2.0
2:2.0,-3.0
2:1.0,-3.0


17:49:53.464 DEBUG MyProblem 120 describe - LSP

17:49:53.466 DEBUG MyProblem 116 describe - Instancia ruspini.data
17:49:53.467 DEBUG MyProblem 117 describe - Error 0.2086367895923526 ,ajustado 0.1919458464249644
17:49:53.467 DEBUG MyProblem 118 describe - No agrupados 0.0 ,ajustado 0.0
17:49:53.469 DEBUG MyProblem 119 describe - LCP
C0
2:4.0,53.0
2:5.0,63.0
2:13.0,49.0
2:13.0,69.0
2:18.0,61.0
2:19.0,65.0
2:27.0,55.0
2:28.0,60.0
2:10.0,59.0
2:9.0,77.0
2:12.0,88.0
2:15.0,75.0
2:22.0,74.0
2:27.0,72.0
2:28.0,76.0
2:24.0,58.0
2:30.0,52.0
2:31.0,60.0
2:32.0,61.0
2:36.0,72.0
2:70.0,4.0
2:77.0,12.0
2:83.0,21.0
2:61.0,15.0
2:69.0,15.0
2:78.0,16.0
2:66.0,18.0
2:58.0,13.0
2:64.0,20.0
2:69.0,21.0
2:66.0,23.0
2:61.0,25.0
2:76.0,27.0
2:72.0,31.0
2:64.0,30.0

C1
2:28.0,147.0
2:32.0,149.0
2:35.0,153.0
2:33.0,154.0
2:38.0,151.0
2:41.0,150.0
2:38.0,145.0
2:38.0,143.0
2:32.0,143.0
2:34.0,141.0
2:44.0,156.0
2:44.0,149.0
2:44.0,143.0
2:46.0,142.0
2:47.0,149.0
2:49.0,152.0
2:50.0,142.0
2:53.0,144.0
2:52.0,152.0
2:55.0,155.0
2:54.0,124.0
2:60.0,136.0
2:63.0,139.0
2:86.0,132.0
2:85.0,115.0
2:85.0,96.0
2:78.0,94.0
2:74.0,96.0
2:97.0,122.0
2:98.0,116.0
2:98.0,124.0
2:99.0,119.0
2:99.0,128.0
2:101.0,115.0
2:108.0,111.0
2:110.0,111.0
2:108.0,116.0
2:111.0,126.0
2:115.0,117.0
2:117.0,115.0


17:49:53.469 DEBUG MyProblem 120 describe - LSP

17:49:55.010 INFO  MyProblem 30 setup - setup problem!
17:51:59.138 DEBUG MyProblem 106 describe - 
Fitness: Standardized=0.2815045 Adjusted=0.7803328 Hits=0
\begin{bundle}{\gpbox{If}}\chunk{\begin{bundle}{\gpbox{If}}\chunk{\begin{bundle}{\gpbox{And}}\chunk{\gpbox{Add_Mindot}}\chunk{\begin{bundle}{\gpbox{While}}\chunk{\gpbox{Create_Cp}}\chunk{\gpbox{Join_Cp}}\end{bundle}}\end{bundle}}\chunk{\begin{bundle}{\gpbox{If}}\chunk{\gpbox{Move_Min}}\chunk{\begin{bundle}{\gpbox{If}}\chunk{\gpbox{Create_Cp}}\chunk{\gpbox{Add_Mindot}}\end{bundle}}\end{bundle}}\end{bundle}}\chunk{\begin{bundle}{\gpbox{While}}\chunk{\gpbox{Add_Mindot}}\chunk{\begin{bundle}{\gpbox{And}}\chunk{\begin{bundle}{\gpbox{If}}\chunk{\gpbox{Add_Mindot}}\chunk{\gpbox{Create_Cp}}\end{bundle}}\chunk{\begin{bundle}{\gpbox{If}}\chunk{\begin{bundle}{\gpbox{If}}\chunk{\begin{bundle}{\gpbox{If}}\chunk{\gpbox{Add_Mindot}}\chunk{\gpbox{Create_Cp}}\end{bundle}}\chunk{\begin{bundle}{\gpbox{Or}}\chunk{\gpbox{Add_Mindot}}\chunk{\gpbox{Join_Cp}}\end{bundle}}\end{bundle}}\chunk{\begin{bundle}{\gpbox{While}}\chunk{\begin{bundle}{\gpbox{While}}\chunk{\begin{bundle}{\gpbox{While}}\chunk{\gpbox{Add_Mindot}}\chunk{\begin{bundle}{\gpbox{While}}\chunk{\gpbox{Add_Mindot}}\chunk{\begin{bundle}{\gpbox{And}}\chunk{\gpbox{Create_Cp}}\chunk{\gpbox{Join_Cp}}\end{bundle}}\end{bundle}}\end{bundle}}\chunk{\gpbox{Create_Cp}}\end{bundle}}\chunk{\gpbox{Add_Mindot}}\end{bundle}}\end{bundle}}\end{bundle}}\end{bundle}}\end{bundle}

17:51:59.139 DEBUG MyProblem 116 describe - Instancia test.data
17:51:59.140 DEBUG MyProblem 117 describe - Error 0.146557832540593 ,ajustado 0.13483320593734557
17:51:59.140 DEBUG MyProblem 118 describe - No agrupados 0.0 ,ajustado 0.0
17:51:59.141 DEBUG MyProblem 119 describe - LCP
C0
2:2.0,3.0
2:1.0,3.0
2:2.0,2.0
2:1.0,2.0

C1
2:2.0,-1.0
2:1.0,-1.0
2:2.0,-2.0
2:1.0,-2.0
2:2.0,-3.0
2:1.0,-3.0


17:51:59.141 DEBUG MyProblem 120 describe - LSP

17:51:59.143 DEBUG MyProblem 116 describe - Instancia ruspini.data
17:51:59.143 DEBUG MyProblem 117 describe - Error 0.13913547374438323 ,ajustado 0.12800463584483257
17:51:59.143 DEBUG MyProblem 118 describe - No agrupados 0.0 ,ajustado 0.0
17:51:59.145 DEBUG MyProblem 119 describe - LCP
C0
2:4.0,53.0
2:5.0,63.0
2:10.0,59.0
2:9.0,77.0
2:12.0,88.0
2:15.0,75.0
2:13.0,49.0
2:13.0,69.0
2:18.0,61.0
2:19.0,65.0
2:24.0,58.0
2:22.0,74.0
2:27.0,72.0
2:28.0,76.0
2:36.0,72.0
2:27.0,55.0
2:28.0,60.0
2:30.0,52.0
2:31.0,60.0
2:32.0,61.0

C1
2:28.0,147.0
2:32.0,149.0
2:35.0,153.0
2:33.0,154.0
2:38.0,151.0
2:41.0,150.0
2:38.0,145.0
2:38.0,143.0
2:32.0,143.0
2:34.0,141.0
2:44.0,156.0
2:44.0,149.0
2:44.0,143.0
2:46.0,142.0
2:47.0,149.0
2:49.0,152.0
2:50.0,142.0
2:53.0,144.0
2:52.0,152.0
2:55.0,155.0
2:54.0,124.0
2:60.0,136.0
2:63.0,139.0
2:86.0,132.0

C2
2:85.0,115.0
2:85.0,96.0
2:78.0,94.0
2:74.0,96.0
2:97.0,122.0
2:98.0,116.0
2:98.0,124.0
2:99.0,119.0
2:99.0,128.0
2:101.0,115.0
2:108.0,111.0
2:110.0,111.0
2:108.0,116.0
2:111.0,126.0
2:115.0,117.0
2:117.0,115.0

C3
2:70.0,4.0
2:77.0,12.0
2:83.0,21.0
2:61.0,15.0
2:69.0,15.0
2:78.0,16.0
2:66.0,18.0
2:58.0,13.0
2:64.0,20.0
2:69.0,21.0
2:66.0,23.0
2:61.0,25.0
2:76.0,27.0
2:72.0,31.0
2:64.0,30.0


17:51:59.146 DEBUG MyProblem 120 describe - LSP

17:52:00.648 INFO  MyProblem 30 setup - setup problem!
17:53:52.153 DEBUG MyProblem 106 describe - 
Fitness: Standardized=0.26283783 Adjusted=0.79186726 Hits=0
\begin{bundle}{\gpbox{Or}}\chunk{\begin{bundle}{\gpbox{Not}}\chunk{\begin{bundle}{\gpbox{If}}\chunk{\gpbox{Add_Mindot}}\chunk{\gpbox{Create_Cp}}\end{bundle}}\end{bundle}}\chunk{\begin{bundle}{\gpbox{If}}\chunk{\begin{bundle}{\gpbox{Or}}\chunk{\begin{bundle}{\gpbox{And}}\chunk{\begin{bundle}{\gpbox{If}}\chunk{\gpbox{Create_Cp}}\chunk{\begin{bundle}{\gpbox{Not}}\chunk{\gpbox{Add_Mindot}}\end{bundle}}\end{bundle}}\chunk{\begin{bundle}{\gpbox{If}}\chunk{\gpbox{Create_Cp}}\chunk{\gpbox{Move_Min}}\end{bundle}}\end{bundle}}\chunk{\gpbox{Move_Min}}\end{bundle}}\chunk{\begin{bundle}{\gpbox{If}}\chunk{\begin{bundle}{\gpbox{While}}\chunk{\gpbox{Add_Mindot}}\chunk{\begin{bundle}{\gpbox{If}}\chunk{\begin{bundle}{\gpbox{Or}}\chunk{\begin{bundle}{\gpbox{If}}\chunk{\gpbox{Create_Cp}}\chunk{\gpbox{Move_Min}}\end{bundle}}\chunk{\gpbox{Add_Mindot}}\end{bundle}}\chunk{\gpbox{Join_Cp}}\end{bundle}}\end{bundle}}\chunk{\begin{bundle}{\gpbox{Not}}\chunk{\begin{bundle}{\gpbox{If}}\chunk{\gpbox{Add_Mindot}}\chunk{\gpbox{Create_Cp}}\end{bundle}}\end{bundle}}\end{bundle}}\end{bundle}}\end{bundle}

17:53:52.154 DEBUG MyProblem 116 describe - Instancia test.data
17:53:52.154 DEBUG MyProblem 117 describe - Error 0.146557832540593 ,ajustado 0.13483320593734557
17:53:52.154 DEBUG MyProblem 118 describe - No agrupados 0.0 ,ajustado 0.0
17:53:52.155 DEBUG MyProblem 119 describe - LCP
C0
2:2.0,3.0
2:2.0,2.0
2:1.0,2.0
2:1.0,3.0

C1
2:2.0,-1.0
2:1.0,-1.0
2:2.0,-2.0
2:1.0,-2.0
2:2.0,-3.0
2:1.0,-3.0


17:53:52.155 DEBUG MyProblem 120 describe - LSP

17:53:52.157 DEBUG MyProblem 116 describe - Instancia ruspini.data
17:53:52.157 DEBUG MyProblem 117 describe - Error 0.13913547374438323 ,ajustado 0.12800463584483257
17:53:52.158 DEBUG MyProblem 118 describe - No agrupados 0.0 ,ajustado 0.0
17:53:52.159 DEBUG MyProblem 119 describe - LCP
C0
2:4.0,53.0
2:13.0,69.0
2:5.0,63.0
2:10.0,59.0
2:18.0,61.0
2:13.0,49.0
2:19.0,65.0
2:24.0,58.0
2:27.0,55.0
2:28.0,60.0
2:30.0,52.0
2:31.0,60.0
2:32.0,61.0
2:9.0,77.0
2:15.0,75.0
2:12.0,88.0
2:27.0,72.0
2:22.0,74.0
2:28.0,76.0
2:36.0,72.0

C1
2:28.0,147.0
2:32.0,149.0
2:35.0,153.0
2:33.0,154.0
2:38.0,151.0
2:41.0,150.0
2:38.0,145.0
2:38.0,143.0
2:32.0,143.0
2:34.0,141.0
2:44.0,156.0
2:44.0,149.0
2:44.0,143.0
2:46.0,142.0
2:47.0,149.0
2:49.0,152.0
2:50.0,142.0
2:53.0,144.0
2:52.0,152.0
2:55.0,155.0
2:54.0,124.0
2:60.0,136.0
2:63.0,139.0
2:86.0,132.0

C2
2:85.0,115.0
2:85.0,96.0
2:78.0,94.0
2:74.0,96.0
2:97.0,122.0
2:98.0,116.0
2:98.0,124.0
2:99.0,119.0
2:99.0,128.0
2:101.0,115.0
2:108.0,111.0
2:110.0,111.0
2:108.0,116.0
2:111.0,126.0
2:115.0,117.0
2:117.0,115.0

C3
2:70.0,4.0
2:77.0,12.0
2:83.0,21.0
2:61.0,15.0
2:69.0,15.0
2:78.0,16.0
2:66.0,18.0
2:58.0,13.0
2:64.0,20.0
2:69.0,21.0
2:66.0,23.0
2:61.0,25.0
2:76.0,27.0
2:72.0,31.0
2:64.0,30.0


17:53:52.160 DEBUG MyProblem 120 describe - LSP

17:53:53.684 INFO  MyProblem 30 setup - setup problem!
17:55:49.862 DEBUG MyProblem 106 describe - 
Fitness: Standardized=0.31845942 Adjusted=0.758461 Hits=0
\begin{bundle}{\gpbox{And}}\chunk{\begin{bundle}{\gpbox{If}}\chunk{\begin{bundle}{\gpbox{And}}\chunk{\gpbox{Create_Cp}}\chunk{\gpbox{Add_Mindot}}\end{bundle}}\chunk{\begin{bundle}{\gpbox{Not}}\chunk{\begin{bundle}{\gpbox{If}}\chunk{\gpbox{Add_Mindot}}\chunk{\gpbox{Join_Cp}}\end{bundle}}\end{bundle}}\end{bundle}}\chunk{\begin{bundle}{\gpbox{And}}\chunk{\begin{bundle}{\gpbox{While}}\chunk{\begin{bundle}{\gpbox{And}}\chunk{\begin{bundle}{\gpbox{And}}\chunk{\begin{bundle}{\gpbox{Or}}\chunk{\begin{bundle}{\gpbox{And}}\chunk{\gpbox{Move_Min}}\chunk{\gpbox{Add_Mindot}}\end{bundle}}\chunk{\gpbox{Move_Min}}\end{bundle}}\chunk{\begin{bundle}{\gpbox{And}}\chunk{\gpbox{Create_Cp}}\chunk{\begin{bundle}{\gpbox{If}}\chunk{\begin{bundle}{\gpbox{If}}\chunk{\begin{bundle}{\gpbox{And}}\chunk{\gpbox{Create_Cp}}\chunk{\gpbox{Add_Mindot}}\end{bundle}}\chunk{\gpbox{Create_Cp}}\end{bundle}}\chunk{\begin{bundle}{\gpbox{Not}}\chunk{\gpbox{Create_Cp}}\end{bundle}}\end{bundle}}\end{bundle}}\end{bundle}}\chunk{\begin{bundle}{\gpbox{While}}\chunk{\begin{bundle}{\gpbox{And}}\chunk{\begin{bundle}{\gpbox{If}}\chunk{\gpbox{Add_Mindot}}\chunk{\gpbox{Create_Cp}}\end{bundle}}\chunk{\gpbox{Join_Cp}}\end{bundle}}\chunk{\gpbox{Move_Min}}\end{bundle}}\end{bundle}}\chunk{\gpbox{Move_Min}}\end{bundle}}\chunk{\gpbox{Join_Cp}}\end{bundle}}\end{bundle}

17:55:49.863 DEBUG MyProblem 116 describe - Instancia test.data
17:55:49.864 DEBUG MyProblem 117 describe - Error 0.146557832540593 ,ajustado 0.13483320593734557
17:55:49.864 DEBUG MyProblem 118 describe - No agrupados 0.0 ,ajustado 0.0
17:55:49.865 DEBUG MyProblem 119 describe - LCP
C0
2:2.0,3.0
2:1.0,3.0
2:2.0,2.0
2:1.0,2.0

C1
2:1.0,-1.0
2:2.0,-2.0
2:2.0,-1.0
2:2.0,-3.0
2:1.0,-3.0
2:1.0,-2.0


17:55:49.865 DEBUG MyProblem 120 describe - LSP

17:55:49.868 DEBUG MyProblem 116 describe - Instancia ruspini.data
17:55:49.868 DEBUG MyProblem 117 describe - Error 0.17930386882152577 ,ajustado 0.16495955931580372
17:55:49.868 DEBUG MyProblem 118 describe - No agrupados 0.0 ,ajustado 0.0
17:55:49.871 DEBUG MyProblem 119 describe - LCP
C0
2:49.0,152.0
2:28.0,147.0
2:32.0,149.0
2:35.0,153.0
2:33.0,154.0
2:38.0,151.0
2:41.0,150.0
2:38.0,145.0
2:38.0,143.0
2:32.0,143.0
2:34.0,141.0
2:44.0,156.0
2:44.0,149.0
2:47.0,149.0
2:74.0,96.0
2:85.0,96.0
2:78.0,94.0
2:99.0,128.0
2:98.0,124.0
2:101.0,115.0
2:108.0,111.0
2:99.0,119.0
2:110.0,111.0
2:108.0,116.0
2:98.0,116.0
2:111.0,126.0
2:115.0,117.0
2:97.0,122.0
2:117.0,115.0
2:85.0,115.0
2:86.0,132.0
2:63.0,139.0
2:60.0,136.0
2:54.0,124.0
2:53.0,144.0
2:50.0,142.0
2:46.0,142.0
2:55.0,155.0
2:52.0,152.0
2:44.0,143.0

C1
2:13.0,49.0
2:12.0,88.0
2:9.0,77.0
2:5.0,63.0
2:10.0,59.0
2:27.0,55.0
2:28.0,60.0
2:30.0,52.0
2:31.0,60.0
2:32.0,61.0
2:36.0,72.0
2:24.0,58.0
2:18.0,61.0
2:19.0,65.0
2:27.0,72.0
2:22.0,74.0
2:28.0,76.0
2:13.0,69.0
2:15.0,75.0
2:4.0,53.0

C2
2:70.0,4.0
2:77.0,12.0
2:83.0,21.0
2:61.0,15.0
2:69.0,15.0
2:78.0,16.0
2:66.0,18.0
2:58.0,13.0
2:64.0,20.0
2:69.0,21.0
2:66.0,23.0
2:61.0,25.0
2:76.0,27.0
2:72.0,31.0
2:64.0,30.0


17:55:49.871 DEBUG MyProblem 120 describe - LSP

