21:21:36.331 setup problem!
21:22:03.557 0.5405113 2.0283887 1.0379702
21:22:27.540 0.35273173 2.0286388 0.9920404
21:22:49.627 0.20260793 2.0286388 0.90835243
21:23:13.421 0.20260793 2.028795 0.8607542
21:23:35.081 0.16952346 2.0289826 0.7621533
21:23:54.626 0.16952346 2.0289826 0.7182897
21:24:29.134 0.16952346 2.029545 0.6684644
21:25:09.618 0.16952346 2.0297012 0.6362089
21:25:51.152 0.16952346 2.0297325 0.6212669
21:26:31.525 0.16952346 2.0300763 0.60102963
21:27:10.211 0.16952346 2.0300763 0.64369863
21:27:48.705 0.16683489 2.0300763 0.637763
21:28:31.457 0.16683489 2.0300763 0.65818596
21:29:08.984 0.16683489 2.0300763 0.6232058
21:29:52.594 0.16683489 2.0300763 0.6113414
21:30:32.527 0.16683489 2.0300763 0.6548406
21:31:08.547 0.16683489 2.0300763 0.5813758
21:31:47.683 0.16683489 2.0300763 0.60948694
21:32:24.076 0.16683489 2.0300763 0.6122394
21:33:00.301 0.16586909 2.0300763 0.65212667
21:33:37.583 0.09443632 2.0300763 0.6347239
21:34:14.779 0.09431132 2.0300763 0.626509
21:34:53.748 0.09237545 2.0300763 0.5885626
21:35:29.790 0.08131125 2.0300763 0.6150142
21:36:04.955 0.08131125 2.0303264 0.57705975
21:36:41.832 0.08131125 2.030795 0.5446836
21:37:16.802 0.07837809 2.030795 0.56265926
21:37:52.950 0.07837809 2.030795 0.51239514
21:38:28.261 0.07837809 2.030795 0.44046238
21:39:02.315 0.07837809 2.030795 0.5265651
21:39:38.996 0.07837809 2.030795 0.51796216
21:40:17.470 0.07837809 2.030795 0.5198326
21:40:51.092 0.07837809 2.030795 0.53264445
21:41:26.901 0.07837809 2.030795 0.5669454
21:42:03.544 0.07837809 2.030795 0.5820911
21:42:38.428 0.07837809 2.030795 0.60412467
21:43:13.183 0.07837809 2.030795 0.57593936
21:43:47.792 0.07837809 2.030795 0.5937649
21:44:25.493 0.07837809 2.030795 0.57214594
21:44:58.902 0.07837809 2.030795 0.6015942
21:45:33.348 0.07837809 2.030795 0.6003884
21:46:04.605 0.07837809 2.030795 0.61107886
21:46:35.779 0.07837809 2.030795 0.6251553
21:47:08.342 0.07837809 2.030795 0.620252
21:47:40.959 0.06875464 2.030795 0.59702426
21:48:11.238 0.06875464 2.030795 0.5986272
21:48:43.038 0.06875464 2.030795 0.58127636
21:49:15.754 0.06875464 2.030795 0.5785381
21:49:47.058 0.06875464 2.030795 0.64667726
21:50:17.258 0.06875464 2.030795 0.5855721
21:50:50.506 0.06875464 2.030795 0.57709384
21:51:21.596 0.06875464 2.030795 0.5360677
21:51:54.959 0.06875464 2.030795 0.5648408
21:52:27.544 0.06875464 2.030795 0.59836084
21:53:00.421 0.06875464 2.030795 0.6272455
21:53:31.116 0.06875464 2.030795 0.61697865
21:54:04.055 0.06875464 2.030795 0.64955485
21:54:36.423 0.06875464 2.030795 0.6319744
21:55:08.251 0.06875464 2.030795 0.6519413
21:55:39.189 0.06875464 2.030795 0.6431655
21:56:13.179 0.06875464 2.030795 0.59743583
21:56:44.925 0.06875464 2.030795 0.6710207
21:57:18.445 0.06875464 2.030795 0.63788956
21:57:48.871 0.06875464 2.030795 0.5845898
21:58:20.087 0.06875464 2.032461 0.6250792
21:58:53.748 0.06875464 2.032461 0.636644
21:59:25.212 0.06875464 2.032461 0.63208544
21:59:57.384 0.06875464 2.032461 0.6528676
22:00:28.689 0.06875464 2.032461 0.6211368
22:01:00.601 0.06875464 2.032461 0.615592
22:01:33.203 0.06875464 2.032461 0.6019726
22:02:06.630 0.06875464 2.032461 0.6264357
22:02:36.405 0.06875464 2.034104 0.6429464
22:03:10.987 0.06875464 2.034104 0.6108292
22:03:42.743 0.06875464 2.034104 0.60656697
22:04:15.721 0.06875464 2.034104 0.6070735
22:04:48.175 0.06875464 2.034104 0.63822246
22:05:19.207 0.06875464 2.034104 0.62211615
22:05:50.030 0.06875464 2.034104 0.6175387
22:06:21.221 0.06875464 2.034104 0.5981924
22:06:53.203 0.06875464 2.034104 0.5921243
22:07:24.765 0.06875464 2.034104 0.5974424
22:07:56.936 0.06875464 2.034104 0.610975
22:08:28.321 0.06875464 2.034104 0.5965268
22:08:59.531 0.06875464 2.034104 0.6360924
22:09:30.205 0.06875464 2.034104 0.59301174
22:10:01.194 0.06875464 2.034104 0.5872871
22:10:32.777 0.06875464 2.034104 0.64118487
22:11:04.442 0.06875464 2.034104 0.59936863
22:11:38.240 0.06875464 2.034104 0.63562566
22:12:09.559 0.06875464 2.034104 0.6042168
22:12:40.220 0.06875464 2.034104 0.639491
22:13:11.804 0.06875464 2.034104 0.59033847
22:13:42.485 0.06875464 2.034104 0.61114657
22:14:14.702 0.06875464 2.034104 0.58168805
22:14:45.005 0.06875464 2.034104 0.62959707
22:15:16.671 0.06875464 2.034104 0.63239384
22:15:47.905 0.06875464 2.034104 0.5928043
22:16:17.789 0.06875464 2.034104 0.59479535
22:16:49.988 0.06875464 2.034104 0.5922829
22:16:53.690 setup problem!
22:17:22.847 0.3628514 1.8911643 1.032343
22:17:46.799 0.3628514 2.0284827 0.98131204
22:18:03.084 0.21991523 2.0288262 0.92804104
22:18:12.935 0.21991523 2.0288262 0.8003006
22:18:21.776 0.19666408 2.0288262 0.6883475
22:18:31.384 0.18944243 2.0288262 0.597141
22:18:47.398 0.18944243 2.0288262 0.5570078
22:19:05.335 0.18944243 2.0288262 0.55755705
22:19:26.337 0.18944243 2.0288262 0.49278837
22:19:44.288 0.16556394 2.0288262 0.47914496
22:20:05.212 0.16556394 2.0288262 0.4663375
22:20:24.798 0.16462643 2.0288262 0.4550472
22:20:43.194 0.16462643 2.0288262 0.46259463
22:21:02.304 0.16462643 2.0288262 0.4781464
22:21:21.377 0.16462643 2.0288262 0.4661152
22:21:39.636 0.16462643 2.0288262 0.49477413
22:21:58.326 0.16462643 2.0288262 0.5205677
22:22:16.456 0.16462643 2.0288262 0.5501365
22:22:36.203 0.16462643 2.0288262 0.5432493
22:22:54.618 0.16462643 2.0288262 0.5325285
22:23:13.334 0.16462643 2.0288262 0.5251756
22:23:32.022 0.16462643 2.0288262 0.5590194
22:23:50.413 0.16462643 2.0288262 0.53978467
22:24:08.504 0.16462643 2.0288262 0.5584594
22:24:26.566 0.16462643 2.0288262 0.5365058
22:24:45.316 0.16462643 2.0288262 0.5528042
22:25:04.859 0.16462643 2.0288262 0.529739
22:25:23.277 0.16462643 2.0288262 0.5452233
22:25:42.950 0.16462643 2.0288262 0.54074913
22:26:00.570 0.16462643 2.0288262 0.53512657
22:26:21.062 0.06258913 2.0288262 0.5339291
22:26:38.854 0.06258913 2.0288262 0.52971023
22:26:58.016 0.06258913 2.0288262 0.53640485
22:27:17.275 0.06258913 2.0289826 0.52194524
22:27:38.194 0.06258913 2.0289826 0.54228795
22:28:03.804 0.06258913 2.0289826 0.5176246
22:28:34.513 0.05753006 2.0298264 0.48284495
22:29:08.181 0.046620566 2.0298264 0.4415726
22:29:41.816 0.046620566 2.0298889 0.47287047
22:30:15.464 0.046620566 2.0298889 0.45990413
22:30:50.555 0.046620566 2.0298889 0.41529623
22:37:48.037 0.046620566 2.0298889 0.44125694
22:38:23.813 0.046620566 2.0298889 0.46694735
22:38:58.486 0.046620566 2.0298889 0.49201497
22:39:32.147 0.046620566 2.0298889 0.5331132
22:40:05.119 0.046620566 2.0298889 0.50530696
22:40:38.105 0.046620566 2.0298889 0.49363267
22:41:13.352 0.046620566 2.0298889 0.48097256
22:41:47.442 0.046620566 2.0298889 0.5083016
22:42:20.863 0.046620566 2.0298889 0.49199703
22:42:55.081 0.046620566 2.0298889 0.5032733
22:43:28.963 0.046620566 2.0298889 0.5120717
22:44:02.672 0.046620566 2.0298889 0.5016531
22:44:37.553 0.046620566 2.0298889 0.52604926
22:45:11.028 0.046620566 2.0298889 0.51443803
22:45:44.996 0.046620566 2.0298889 0.48686296
22:46:19.232 0.046620566 2.0298889 0.49167404
22:46:53.209 0.046620566 2.0298889 0.5188858
22:47:26.561 0.046620566 2.0298889 0.49660897
22:47:58.253 0.046620566 2.0298889 0.4998426
22:48:32.637 0.046620566 2.0298889 0.561968
22:49:07.186 0.046620566 2.0298889 0.511104
22:49:41.866 0.046620566 2.0298889 0.48120072
22:54:54.713 0.046620566 2.0298889 0.49596295
22:55:30.181 0.046620566 2.0298889 0.4913072
22:56:06.201 0.046620566 2.0298889 0.50074834
22:56:41.619 0.046620566 2.0298889 0.4847159
22:57:17.299 0.046620566 2.0298889 0.5373556
22:57:53.294 0.046620566 2.0298889 0.48852873
22:58:29.110 0.046620566 2.0298889 0.5267747
22:59:03.738 0.046620566 2.0298889 0.4875926
22:59:41.032 0.046620566 2.0298889 0.4821397
23:00:15.463 0.046620566 2.0298889 0.49739188
23:00:49.559 0.046620566 2.0298889 0.48664773
23:01:23.998 0.046620566 2.0298889 0.52583116
23:01:58.071 0.046620566 2.0298889 0.48763642
23:02:33.015 0.046620566 2.0298889 0.5156861
23:03:07.514 0.046620566 2.0298889 0.5225854
23:03:43.002 0.046620566 2.0298889 0.5260235
23:04:17.558 0.046620566 2.0298889 0.5091044
23:04:52.216 0.046620566 2.0298889 0.5105099
23:05:26.978 0.046620566 2.0298889 0.52471614
23:06:02.336 0.046620566 2.0298889 0.51535904
23:06:36.871 0.046620566 2.0298889 0.461787
23:07:11.770 0.046620566 2.0298889 0.5081206
23:07:46.653 0.046620566 2.0298889 0.47652456
23:08:20.428 0.046620566 2.0298889 0.53708035
23:08:56.027 0.046620566 2.0298889 0.507465
23:09:31.761 0.046620566 2.0298889 0.496526
23:10:06.732 0.046620566 2.0298889 0.4840373
23:10:40.989 0.046620566 2.0298889 0.478813
23:11:14.727 0.046620566 2.0298889 0.4918008
23:11:49.766 0.046620566 2.0298889 0.48535073
23:12:21.907 0.046620566 2.0298889 0.5128743
23:12:56.716 0.046620566 2.0298889 0.48698664
23:13:29.016 0.046620566 2.0298889 0.49472353
23:14:03.367 0.046620566 2.0298889 0.5085275
23:14:35.817 0.046620566 2.0298889 0.48382238
23:15:09.735 0.046620566 2.0298889 0.4716461
23:15:42.430 0.046620566 2.0298889 0.48210576
