07:57:08.181 INFO  MyProblem 30 setup - setup problem!
08:00:20.002 DEBUG MyProblem 106 describe - 
Fitness: Standardized=0.30855176 Adjusted=0.7642036 Hits=0
\begin{bundle}{\gpbox{And}}\chunk{\begin{bundle}{\gpbox{And}}\chunk{\begin{bundle}{\gpbox{If}}\chunk{\begin{bundle}{\gpbox{While}}\chunk{\gpbox{Add_Mindot}}\chunk{\gpbox{Move_Min}}\end{bundle}}\chunk{\begin{bundle}{\gpbox{If}}\chunk{\begin{bundle}{\gpbox{And}}\chunk{\gpbox{Create_Cp}}\chunk{\gpbox{Move_Min}}\end{bundle}}\chunk{\begin{bundle}{\gpbox{And}}\chunk{\gpbox{Join_Cp}}\chunk{\gpbox{Create_Cp}}\end{bundle}}\end{bundle}}\end{bundle}}\chunk{\begin{bundle}{\gpbox{If}}\chunk{\gpbox{Create_Cp}}\chunk{\begin{bundle}{\gpbox{And}}\chunk{\gpbox{Create_Cp}}\chunk{\gpbox{Move_Min}}\end{bundle}}\end{bundle}}\end{bundle}}\chunk{\begin{bundle}{\gpbox{And}}\chunk{\begin{bundle}{\gpbox{While}}\chunk{\gpbox{Add_Mindot}}\chunk{\gpbox{Move_Min}}\end{bundle}}\chunk{\begin{bundle}{\gpbox{Or}}\chunk{\gpbox{Join_Cp}}\chunk{\gpbox{Create_Cp}}\end{bundle}}\end{bundle}}\end{bundle}

08:00:20.010 DEBUG MyProblem 116 describe - Instancia test.data
08:00:20.010 DEBUG MyProblem 117 describe - Error 0.14655783254059296 ,ajustado 0.13483320593734552
08:00:20.011 DEBUG MyProblem 118 describe - No agrupados 0.0 ,ajustado 0.0
08:00:20.011 DEBUG MyProblem 119 describe - LCP
C0
2:2.0,3.0
2:2.0,2.0
2:1.0,2.0
2:1.0,3.0

C1
2:1.0,-3.0
2:2.0,-2.0
2:1.0,-2.0
2:1.0,-1.0
2:2.0,-1.0
2:2.0,-3.0


08:00:20.012 DEBUG MyProblem 120 describe - LSP

08:00:20.015 DEBUG MyProblem 116 describe - Instancia ruspini.data
08:00:20.015 DEBUG MyProblem 117 describe - Error 0.18882452804493216 ,ajustado 0.1737185658013376
08:00:20.015 DEBUG MyProblem 118 describe - No agrupados 0.0 ,ajustado 0.0
08:00:20.017 DEBUG MyProblem 119 describe - LCP
C0
2:70.0,4.0
2:77.0,12.0
2:83.0,21.0
2:61.0,15.0
2:69.0,15.0
2:78.0,16.0
2:66.0,18.0
2:58.0,13.0
2:64.0,20.0
2:69.0,21.0
2:66.0,23.0
2:61.0,25.0
2:76.0,27.0
2:72.0,31.0
2:64.0,30.0

C1
2:38.0,151.0
2:35.0,153.0
2:32.0,149.0
2:34.0,141.0
2:33.0,154.0
2:32.0,143.0
2:28.0,147.0
2:38.0,143.0
2:85.0,96.0
2:63.0,139.0
2:86.0,132.0
2:85.0,115.0
2:97.0,122.0
2:74.0,96.0
2:98.0,116.0
2:98.0,124.0
2:99.0,119.0
2:99.0,128.0
2:101.0,115.0
2:108.0,111.0
2:110.0,111.0
2:108.0,116.0
2:111.0,126.0
2:115.0,117.0
2:117.0,115.0
2:60.0,136.0
2:54.0,124.0
2:53.0,144.0
2:50.0,142.0
2:46.0,142.0
2:55.0,155.0
2:52.0,152.0
2:44.0,143.0
2:47.0,149.0
2:49.0,152.0
2:44.0,149.0
2:41.0,150.0
2:38.0,145.0
2:44.0,156.0

C2
2:12.0,88.0
2:18.0,61.0
2:13.0,69.0
2:9.0,77.0
2:22.0,74.0
2:19.0,65.0
2:27.0,72.0
2:15.0,75.0
2:28.0,76.0
2:24.0,58.0
2:28.0,60.0
2:31.0,60.0
2:32.0,61.0
2:27.0,55.0
2:10.0,59.0
2:5.0,63.0
2:13.0,49.0
2:30.0,52.0
2:36.0,72.0
2:4.0,53.0
2:78.0,94.0


08:00:20.018 DEBUG MyProblem 120 describe - LSP

08:00:22.250 INFO  MyProblem 30 setup - setup problem!
08:03:56.941 DEBUG MyProblem 106 describe - 
Fitness: Standardized=0.31397203 Adjusted=0.76105124 Hits=0
\begin{bundle}{\gpbox{While}}\chunk{\begin{bundle}{\gpbox{While}}\chunk{\begin{bundle}{\gpbox{And}}\chunk{\begin{bundle}{\gpbox{While}}\chunk{\gpbox{Add_Mindot}}\chunk{\begin{bundle}{\gpbox{Not}}\chunk{\gpbox{Move_Min}}\end{bundle}}\end{bundle}}\chunk{\begin{bundle}{\gpbox{If}}\chunk{\gpbox{Move_Min}}\chunk{\begin{bundle}{\gpbox{Not}}\chunk{\begin{bundle}{\gpbox{And}}\chunk{\gpbox{Move_Min}}\chunk{\gpbox{Create_Cp}}\end{bundle}}\end{bundle}}\end{bundle}}\end{bundle}}\chunk{\begin{bundle}{\gpbox{Or}}\chunk{\begin{bundle}{\gpbox{Not}}\chunk{\gpbox{Create_Cp}}\end{bundle}}\chunk{\gpbox{Create_Cp}}\end{bundle}}\end{bundle}}\chunk{\begin{bundle}{\gpbox{Not}}\chunk{\begin{bundle}{\gpbox{Or}}\chunk{\begin{bundle}{\gpbox{While}}\chunk{\gpbox{Add_Mindot}}\chunk{\gpbox{Move_Min}}\end{bundle}}\chunk{\begin{bundle}{\gpbox{And}}\chunk{\gpbox{Join_Cp}}\chunk{\gpbox{Create_Cp}}\end{bundle}}\end{bundle}}\end{bundle}}\end{bundle}

08:03:56.941 DEBUG MyProblem 116 describe - Instancia test.data
08:03:56.942 DEBUG MyProblem 117 describe - Error 0.146557832540593 ,ajustado 0.13483320593734557
08:03:56.942 DEBUG MyProblem 118 describe - No agrupados 0.0 ,ajustado 0.0
08:03:56.943 DEBUG MyProblem 119 describe - LCP
C0
2:2.0,2.0
2:1.0,2.0
2:1.0,3.0
2:2.0,3.0

C1
2:1.0,-1.0
2:2.0,-1.0
2:1.0,-2.0
2:2.0,-2.0
2:2.0,-3.0
2:1.0,-3.0


08:03:56.943 DEBUG MyProblem 120 describe - LSP

08:03:56.945 DEBUG MyProblem 116 describe - Instancia ruspini.data
08:03:56.945 DEBUG MyProblem 117 describe - Error 0.19471612159607843 ,ajustado 0.17913883186839216
08:03:56.945 DEBUG MyProblem 118 describe - No agrupados 0.0 ,ajustado 0.0
08:03:56.947 DEBUG MyProblem 119 describe - LCP
C0
2:70.0,4.0
2:77.0,12.0
2:83.0,21.0
2:61.0,15.0
2:69.0,15.0
2:78.0,16.0
2:66.0,18.0
2:58.0,13.0
2:64.0,20.0
2:69.0,21.0
2:66.0,23.0
2:61.0,25.0
2:76.0,27.0
2:72.0,31.0
2:64.0,30.0

C1
2:12.0,88.0
2:13.0,69.0
2:15.0,75.0
2:19.0,65.0
2:22.0,74.0
2:18.0,61.0
2:27.0,72.0
2:28.0,76.0
2:24.0,58.0
2:28.0,60.0
2:27.0,55.0
2:31.0,60.0
2:32.0,61.0
2:36.0,72.0
2:10.0,59.0
2:5.0,63.0
2:13.0,49.0
2:9.0,77.0
2:30.0,52.0

C2
2:4.0,53.0
2:33.0,154.0
2:35.0,153.0
2:28.0,147.0
2:32.0,143.0
2:34.0,141.0
2:38.0,145.0
2:32.0,149.0
2:44.0,143.0
2:46.0,142.0
2:38.0,151.0
2:41.0,150.0
2:44.0,149.0
2:47.0,149.0
2:50.0,142.0
2:49.0,152.0
2:54.0,124.0
2:53.0,144.0
2:60.0,136.0
2:44.0,156.0
2:63.0,139.0
2:52.0,152.0
2:86.0,132.0
2:55.0,155.0
2:38.0,143.0
2:85.0,115.0
2:74.0,96.0
2:97.0,122.0
2:98.0,124.0
2:99.0,128.0
2:99.0,119.0
2:98.0,116.0
2:78.0,94.0
2:85.0,96.0
2:101.0,115.0
2:108.0,116.0
2:111.0,126.0
2:108.0,111.0
2:110.0,111.0
2:115.0,117.0
2:117.0,115.0


08:03:56.947 DEBUG MyProblem 120 describe - LSP

08:03:58.487 INFO  MyProblem 30 setup - setup problem!
08:07:09.464 DEBUG MyProblem 106 describe - 
Fitness: Standardized=0.30855176 Adjusted=0.7642036 Hits=0
\begin{bundle}{\gpbox{And}}\chunk{\begin{bundle}{\gpbox{While}}\chunk{\begin{bundle}{\gpbox{And}}\chunk{\begin{bundle}{\gpbox{While}}\chunk{\gpbox{Add_Mindot}}\chunk{\gpbox{Move_Min}}\end{bundle}}\chunk{\gpbox{Create_Cp}}\end{bundle}}\chunk{\begin{bundle}{\gpbox{While}}\chunk{\begin{bundle}{\gpbox{Not}}\chunk{\begin{bundle}{\gpbox{If}}\chunk{\gpbox{Create_Cp}}\chunk{\begin{bundle}{\gpbox{And}}\chunk{\begin{bundle}{\gpbox{If}}\chunk{\gpbox{Create_Cp}}\chunk{\gpbox{Create_Cp}}\end{bundle}}\chunk{\gpbox{Move_Min}}\end{bundle}}\end{bundle}}\end{bundle}}\chunk{\begin{bundle}{\gpbox{Not}}\chunk{\begin{bundle}{\gpbox{While}}\chunk{\gpbox{Add_Mindot}}\chunk{\gpbox{Move_Min}}\end{bundle}}\end{bundle}}\end{bundle}}\end{bundle}}\chunk{\begin{bundle}{\gpbox{And}}\chunk{\gpbox{Move_Min}}\chunk{\begin{bundle}{\gpbox{And}}\chunk{\gpbox{Move_Min}}\chunk{\gpbox{Join_Cp}}\end{bundle}}\end{bundle}}\end{bundle}

08:07:09.465 DEBUG MyProblem 116 describe - Instancia test.data
08:07:09.465 DEBUG MyProblem 117 describe - Error 0.146557832540593 ,ajustado 0.13483320593734557
08:07:09.466 DEBUG MyProblem 118 describe - No agrupados 0.0 ,ajustado 0.0
08:07:09.466 DEBUG MyProblem 119 describe - LCP
C0
2:1.0,2.0
2:1.0,3.0
2:2.0,3.0
2:2.0,2.0

C1
2:1.0,-1.0
2:2.0,-1.0
2:2.0,-2.0
2:1.0,-2.0
2:2.0,-3.0
2:1.0,-3.0


08:07:09.466 DEBUG MyProblem 120 describe - LSP

08:07:09.468 DEBUG MyProblem 116 describe - Instancia ruspini.data
08:07:09.468 DEBUG MyProblem 117 describe - Error 0.18882452804493222 ,ajustado 0.17371856580133765
08:07:09.469 DEBUG MyProblem 118 describe - No agrupados 0.0 ,ajustado 0.0
08:07:09.470 DEBUG MyProblem 119 describe - LCP
C0
2:70.0,4.0
2:77.0,12.0
2:83.0,21.0
2:61.0,15.0
2:69.0,15.0
2:78.0,16.0
2:66.0,18.0
2:58.0,13.0
2:64.0,20.0
2:69.0,21.0
2:66.0,23.0
2:61.0,25.0
2:76.0,27.0
2:72.0,31.0
2:64.0,30.0

C1
2:35.0,153.0
2:32.0,149.0
2:33.0,154.0
2:28.0,147.0
2:38.0,143.0
2:85.0,96.0
2:63.0,139.0
2:86.0,132.0
2:85.0,115.0
2:97.0,122.0
2:74.0,96.0
2:98.0,116.0
2:98.0,124.0
2:99.0,119.0
2:99.0,128.0
2:101.0,115.0
2:108.0,111.0
2:110.0,111.0
2:108.0,116.0
2:111.0,126.0
2:115.0,117.0
2:117.0,115.0
2:60.0,136.0
2:54.0,124.0
2:53.0,144.0
2:50.0,142.0
2:46.0,142.0
2:55.0,155.0
2:52.0,152.0
2:44.0,143.0
2:47.0,149.0
2:49.0,152.0
2:44.0,149.0
2:41.0,150.0
2:38.0,145.0
2:44.0,156.0
2:34.0,141.0
2:38.0,151.0
2:32.0,143.0

C2
2:12.0,88.0
2:18.0,61.0
2:13.0,69.0
2:9.0,77.0
2:22.0,74.0
2:19.0,65.0
2:27.0,72.0
2:15.0,75.0
2:28.0,76.0
2:24.0,58.0
2:28.0,60.0
2:31.0,60.0
2:32.0,61.0
2:27.0,55.0
2:10.0,59.0
2:5.0,63.0
2:13.0,49.0
2:30.0,52.0
2:36.0,72.0
2:4.0,53.0
2:78.0,94.0


08:07:09.471 DEBUG MyProblem 120 describe - LSP

08:07:11.735 INFO  MyProblem 30 setup - setup problem!
08:09:53.876 DEBUG MyProblem 106 describe - 
Fitness: Standardized=0.32677904 Adjusted=0.753705 Hits=0
\begin{bundle}{\gpbox{Or}}\chunk{\begin{bundle}{\gpbox{While}}\chunk{\begin{bundle}{\gpbox{And}}\chunk{\begin{bundle}{\gpbox{And}}\chunk{\gpbox{Create_Cp}}\chunk{\gpbox{Move_Min}}\end{bundle}}\chunk{\begin{bundle}{\gpbox{And}}\chunk{\begin{bundle}{\gpbox{While}}\chunk{\gpbox{Add_Mindot}}\chunk{\gpbox{Move_Min}}\end{bundle}}\chunk{\gpbox{Create_Cp}}\end{bundle}}\end{bundle}}\chunk{\gpbox{Add_Mindot}}\end{bundle}}\chunk{\begin{bundle}{\gpbox{Or}}\chunk{\begin{bundle}{\gpbox{While}}\chunk{\gpbox{Add_Mindot}}\chunk{\gpbox{Add_Mindot}}\end{bundle}}\chunk{\begin{bundle}{\gpbox{While}}\chunk{\begin{bundle}{\gpbox{And}}\chunk{\gpbox{Create_Cp}}\chunk{\gpbox{Move_Min}}\end{bundle}}\chunk{\begin{bundle}{\gpbox{And}}\chunk{\begin{bundle}{\gpbox{And}}\chunk{\gpbox{Create_Cp}}\chunk{\gpbox{Move_Min}}\end{bundle}}\chunk{\gpbox{Move_Min}}\end{bundle}}\end{bundle}}\end{bundle}}\end{bundle}

08:09:53.877 DEBUG MyProblem 116 describe - Instancia test.data
08:09:53.877 DEBUG MyProblem 117 describe - Error 0.146557832540593 ,ajustado 0.13483320593734557
08:09:53.878 DEBUG MyProblem 118 describe - No agrupados 0.0 ,ajustado 0.0
08:09:53.878 DEBUG MyProblem 119 describe - LCP
C0
2:2.0,3.0
2:1.0,3.0
2:2.0,2.0
2:1.0,2.0

C1
2:2.0,-2.0
2:2.0,-1.0
2:1.0,-1.0
2:1.0,-2.0
2:2.0,-3.0
2:1.0,-3.0


08:09:53.878 DEBUG MyProblem 120 describe - LSP

08:09:53.880 DEBUG MyProblem 116 describe - Instancia ruspini.data
08:09:53.881 DEBUG MyProblem 117 describe - Error 0.20863678959235266 ,ajustado 0.19194584642496446
08:09:53.881 DEBUG MyProblem 118 describe - No agrupados 0.0 ,ajustado 0.0
08:09:53.883 DEBUG MyProblem 119 describe - LCP
C0
2:44.0,143.0
2:46.0,142.0
2:44.0,149.0
2:47.0,149.0
2:41.0,150.0
2:49.0,152.0
2:38.0,145.0
2:50.0,142.0
2:38.0,143.0
2:53.0,144.0
2:38.0,151.0
2:52.0,152.0
2:44.0,156.0
2:55.0,155.0
2:35.0,153.0
2:54.0,124.0
2:34.0,141.0
2:60.0,136.0
2:32.0,143.0
2:63.0,139.0
2:32.0,149.0
2:86.0,132.0
2:33.0,154.0
2:85.0,115.0
2:28.0,147.0
2:78.0,94.0
2:74.0,96.0
2:97.0,122.0
2:98.0,116.0
2:98.0,124.0
2:99.0,119.0
2:99.0,128.0
2:101.0,115.0
2:85.0,96.0
2:108.0,111.0
2:108.0,116.0
2:111.0,126.0
2:110.0,111.0
2:115.0,117.0
2:117.0,115.0

C1
2:12.0,88.0
2:15.0,75.0
2:9.0,77.0
2:22.0,74.0
2:27.0,72.0
2:28.0,76.0
2:13.0,69.0
2:19.0,65.0
2:18.0,61.0
2:24.0,58.0
2:28.0,60.0
2:10.0,59.0
2:5.0,63.0
2:31.0,60.0
2:32.0,61.0
2:27.0,55.0
2:30.0,52.0
2:13.0,49.0
2:4.0,53.0
2:36.0,72.0
2:70.0,4.0
2:77.0,12.0
2:61.0,15.0
2:69.0,15.0
2:78.0,16.0
2:66.0,18.0
2:58.0,13.0
2:64.0,20.0
2:69.0,21.0
2:66.0,23.0
2:61.0,25.0
2:76.0,27.0
2:72.0,31.0
2:64.0,30.0
2:83.0,21.0


08:09:53.883 DEBUG MyProblem 120 describe - LSP

08:09:56.063 INFO  MyProblem 30 setup - setup problem!
08:11:49.809 DEBUG MyProblem 106 describe - 
Fitness: Standardized=0.29025853 Adjusted=0.7750385 Hits=0
\begin{bundle}{\gpbox{And}}\chunk{\begin{bundle}{\gpbox{Or}}\chunk{\begin{bundle}{\gpbox{If}}\chunk{\begin{bundle}{\gpbox{And}}\chunk{\gpbox{Create_Cp}}\chunk{\begin{bundle}{\gpbox{If}}\chunk{\gpbox{Create_Cp}}\chunk{\gpbox{Join_Cp}}\end{bundle}}\end{bundle}}\chunk{\begin{bundle}{\gpbox{If}}\chunk{\begin{bundle}{\gpbox{If}}\chunk{\gpbox{Create_Cp}}\chunk{\gpbox{Create_Cp}}\end{bundle}}\chunk{\gpbox{Create_Cp}}\end{bundle}}\end{bundle}}\chunk{\begin{bundle}{\gpbox{While}}\chunk{\gpbox{Add_Mindot}}\chunk{\begin{bundle}{\gpbox{If}}\chunk{\gpbox{Create_Cp}}\chunk{\gpbox{Join_Cp}}\end{bundle}}\end{bundle}}\end{bundle}}\chunk{\begin{bundle}{\gpbox{If}}\chunk{\begin{bundle}{\gpbox{If}}\chunk{\gpbox{Create_Cp}}\chunk{\gpbox{Join_Cp}}\end{bundle}}\chunk{\begin{bundle}{\gpbox{While}}\chunk{\gpbox{Add_Mindot}}\chunk{\begin{bundle}{\gpbox{If}}\chunk{\begin{bundle}{\gpbox{And}}\chunk{\gpbox{Create_Cp}}\chunk{\begin{bundle}{\gpbox{If}}\chunk{\gpbox{Create_Cp}}\chunk{\gpbox{Join_Cp}}\end{bundle}}\end{bundle}}\chunk{\gpbox{Join_Cp}}\end{bundle}}\end{bundle}}\end{bundle}}\end{bundle}

08:11:49.810 DEBUG MyProblem 116 describe - Instancia test.data
08:11:49.810 DEBUG MyProblem 117 describe - Error 0.146557832540593 ,ajustado 0.13483320593734557
08:11:49.811 DEBUG MyProblem 118 describe - No agrupados 0.0 ,ajustado 0.0
08:11:49.811 DEBUG MyProblem 119 describe - LCP
C0
2:2.0,3.0
2:1.0,3.0
2:2.0,2.0
2:1.0,2.0

C1
2:2.0,-1.0
2:2.0,-2.0
2:1.0,-1.0
2:1.0,-2.0
2:2.0,-3.0
2:1.0,-3.0


08:11:49.811 DEBUG MyProblem 120 describe - LSP

08:11:49.813 DEBUG MyProblem 116 describe - Instancia ruspini.data
08:11:49.814 DEBUG MyProblem 117 describe - Error 0.1480710147618507 ,ajustado 0.13622533358090264
08:11:49.814 DEBUG MyProblem 118 describe - No agrupados 0.0 ,ajustado 0.0
08:11:49.816 DEBUG MyProblem 119 describe - LCP
C0
2:4.0,53.0
2:5.0,63.0
2:10.0,59.0
2:9.0,77.0
2:12.0,88.0
2:13.0,69.0
2:15.0,75.0
2:13.0,49.0
2:19.0,65.0
2:18.0,61.0
2:24.0,58.0
2:27.0,55.0
2:28.0,60.0
2:30.0,52.0
2:31.0,60.0
2:32.0,61.0
2:22.0,74.0
2:27.0,72.0
2:28.0,76.0
2:36.0,72.0
2:70.0,4.0

C1
2:28.0,147.0
2:32.0,149.0
2:35.0,153.0
2:33.0,154.0
2:38.0,151.0
2:41.0,150.0
2:38.0,145.0
2:38.0,143.0
2:32.0,143.0
2:34.0,141.0
2:44.0,156.0
2:44.0,149.0
2:44.0,143.0
2:46.0,142.0
2:47.0,149.0
2:49.0,152.0
2:50.0,142.0
2:53.0,144.0
2:52.0,152.0
2:55.0,155.0
2:54.0,124.0
2:60.0,136.0
2:63.0,139.0

C2
2:86.0,132.0
2:85.0,115.0
2:85.0,96.0
2:78.0,94.0
2:74.0,96.0
2:97.0,122.0
2:98.0,116.0
2:98.0,124.0
2:99.0,119.0
2:101.0,115.0
2:99.0,128.0
2:108.0,111.0
2:110.0,111.0
2:108.0,116.0
2:111.0,126.0
2:115.0,117.0
2:117.0,115.0

C3
2:77.0,12.0
2:83.0,21.0
2:61.0,15.0
2:78.0,16.0
2:69.0,15.0
2:66.0,18.0
2:64.0,20.0
2:58.0,13.0
2:69.0,21.0
2:66.0,23.0
2:61.0,25.0
2:76.0,27.0
2:72.0,31.0
2:64.0,30.0


08:11:49.816 DEBUG MyProblem 120 describe - LSP

