23:46:20.104 INFO  MyProblem 30 setup - setup problem!
23:49:57.792 DEBUG MyProblem 106 describe - 
Fitness: Standardized=0.32263464 Adjusted=0.7560667 Hits=0
\begin{bundle}{\gpbox{Not}}\chunk{\begin{bundle}{\gpbox{If}}\chunk{\begin{bundle}{\gpbox{While}}\chunk{\begin{bundle}{\gpbox{Not}}\chunk{\begin{bundle}{\gpbox{While}}\chunk{\begin{bundle}{\gpbox{If}}\chunk{\begin{bundle}{\gpbox{While}}\chunk{\gpbox{Add_Mindot}}\chunk{\gpbox{Move_Min}}\end{bundle}}\chunk{\begin{bundle}{\gpbox{And}}\chunk{\gpbox{Join_Cp}}\chunk{\gpbox{Create_Cp}}\end{bundle}}\end{bundle}}\chunk{\begin{bundle}{\gpbox{If}}\chunk{\gpbox{Create_Cp}}\chunk{\gpbox{Create_Cp}}\end{bundle}}\end{bundle}}\end{bundle}}\chunk{\begin{bundle}{\gpbox{If}}\chunk{\begin{bundle}{\gpbox{If}}\chunk{\gpbox{Add_Mindot}}\chunk{\gpbox{Create_Cp}}\end{bundle}}\chunk{\begin{bundle}{\gpbox{If}}\chunk{\gpbox{Move_Min}}\chunk{\gpbox{Move_Min}}\end{bundle}}\end{bundle}}\end{bundle}}\chunk{\begin{bundle}{\gpbox{If}}\chunk{\begin{bundle}{\gpbox{If}}\chunk{\begin{bundle}{\gpbox{Or}}\chunk{\begin{bundle}{\gpbox{Not}}\chunk{\begin{bundle}{\gpbox{And}}\chunk{\gpbox{Create_Cp}}\chunk{\gpbox{Create_Cp}}\end{bundle}}\end{bundle}}\chunk{\begin{bundle}{\gpbox{Not}}\chunk{\begin{bundle}{\gpbox{And}}\chunk{\gpbox{Join_Cp}}\chunk{\gpbox{Create_Cp}}\end{bundle}}\end{bundle}}\end{bundle}}\chunk{\gpbox{Create_Cp}}\end{bundle}}\chunk{\gpbox{Add_Mindot}}\end{bundle}}\end{bundle}}\end{bundle}

23:49:57.793 DEBUG MyProblem 116 describe - Instancia test.data
23:49:57.794 DEBUG MyProblem 117 describe - Error 0.146557832540593 ,ajustado 0.13483320593734557
23:49:57.794 DEBUG MyProblem 118 describe - No agrupados 0.0 ,ajustado 0.0
23:49:57.794 DEBUG MyProblem 119 describe - LCP
C0
2:2.0,3.0
2:1.0,3.0
2:2.0,2.0
2:1.0,2.0

C1
2:1.0,-1.0
2:2.0,-1.0
2:1.0,-2.0
2:2.0,-2.0
2:2.0,-3.0
2:1.0,-3.0


23:49:57.795 DEBUG MyProblem 120 describe - LSP

23:49:57.797 DEBUG MyProblem 116 describe - Instancia ruspini.data
23:49:57.797 DEBUG MyProblem 117 describe - Error 0.2041320012911616 ,ajustado 0.18780144118786868
23:49:57.797 DEBUG MyProblem 118 describe - No agrupados 0.0 ,ajustado 0.0
23:49:57.799 DEBUG MyProblem 119 describe - LCP
C0
2:70.0,4.0
2:77.0,12.0
2:83.0,21.0
2:61.0,15.0
2:69.0,15.0
2:78.0,16.0
2:66.0,18.0
2:58.0,13.0
2:64.0,20.0
2:69.0,21.0
2:66.0,23.0
2:61.0,25.0
2:76.0,27.0
2:72.0,31.0
2:64.0,30.0

C1
2:12.0,88.0
2:115.0,117.0
2:117.0,115.0
2:4.0,53.0
2:33.0,154.0
2:35.0,153.0
2:28.0,147.0
2:32.0,143.0
2:34.0,141.0
2:38.0,145.0
2:32.0,149.0
2:44.0,143.0
2:46.0,142.0
2:38.0,151.0
2:41.0,150.0
2:44.0,149.0
2:47.0,149.0
2:50.0,142.0
2:49.0,152.0
2:54.0,124.0
2:53.0,144.0
2:60.0,136.0
2:44.0,156.0
2:63.0,139.0
2:52.0,152.0
2:86.0,132.0
2:55.0,155.0
2:38.0,143.0
2:85.0,115.0
2:74.0,96.0
2:97.0,122.0
2:98.0,124.0
2:99.0,128.0
2:99.0,119.0
2:98.0,116.0
2:78.0,94.0
2:85.0,96.0
2:101.0,115.0
2:108.0,116.0
2:111.0,126.0
2:108.0,111.0
2:110.0,111.0

C2
2:13.0,69.0
2:15.0,75.0
2:19.0,65.0
2:22.0,74.0
2:18.0,61.0
2:27.0,72.0
2:28.0,76.0
2:24.0,58.0
2:28.0,60.0
2:27.0,55.0
2:31.0,60.0
2:32.0,61.0
2:36.0,72.0
2:10.0,59.0
2:5.0,63.0
2:13.0,49.0
2:9.0,77.0
2:30.0,52.0


23:49:57.799 DEBUG MyProblem 120 describe - LSP

23:49:59.405 INFO  MyProblem 30 setup - setup problem!
23:52:04.339 DEBUG MyProblem 106 describe - 
Fitness: Standardized=0.3452177 Adjusted=0.7433741 Hits=0
\begin{bundle}{\gpbox{If}}\chunk{\begin{bundle}{\gpbox{Or}}\chunk{\begin{bundle}{\gpbox{And}}\chunk{\begin{bundle}{\gpbox{Not}}\chunk{\begin{bundle}{\gpbox{Not}}\chunk{\begin{bundle}{\gpbox{If}}\chunk{\gpbox{Create_Cp}}\chunk{\gpbox{Add_Mindot}}\end{bundle}}\end{bundle}}\end{bundle}}\chunk{\begin{bundle}{\gpbox{And}}\chunk{\begin{bundle}{\gpbox{And}}\chunk{\begin{bundle}{\gpbox{And}}\chunk{\gpbox{Create_Cp}}\chunk{\gpbox{Add_Mindot}}\end{bundle}}\chunk{\gpbox{Create_Cp}}\end{bundle}}\chunk{\begin{bundle}{\gpbox{Not}}\chunk{\gpbox{Create_Cp}}\end{bundle}}\end{bundle}}\end{bundle}}\chunk{\begin{bundle}{\gpbox{Or}}\chunk{\begin{bundle}{\gpbox{Not}}\chunk{\begin{bundle}{\gpbox{And}}\chunk{\gpbox{Join_Cp}}\chunk{\gpbox{Join_Cp}}\end{bundle}}\end{bundle}}\chunk{\begin{bundle}{\gpbox{Not}}\chunk{\begin{bundle}{\gpbox{Not}}\chunk{\begin{bundle}{\gpbox{While}}\chunk{\begin{bundle}{\gpbox{While}}\chunk{\gpbox{Add_Mindot}}\chunk{\gpbox{Add_Mindot}}\end{bundle}}\chunk{\begin{bundle}{\gpbox{While}}\chunk{\gpbox{Add_Mindot}}\chunk{\begin{bundle}{\gpbox{Not}}\chunk{\begin{bundle}{\gpbox{Not}}\chunk{\begin{bundle}{\gpbox{And}}\chunk{\gpbox{Join_Cp}}\chunk{\gpbox{Join_Cp}}\end{bundle}}\end{bundle}}\end{bundle}}\end{bundle}}\end{bundle}}\end{bundle}}\end{bundle}}\end{bundle}}\end{bundle}}\chunk{\gpbox{Add_Mindot}}\end{bundle}

23:52:04.340 DEBUG MyProblem 116 describe - Instancia test.data
23:52:04.340 DEBUG MyProblem 117 describe - Error 0.146557832540593 ,ajustado 0.13483320593734557
23:52:04.341 DEBUG MyProblem 118 describe - No agrupados 0.0 ,ajustado 0.0
23:52:04.341 DEBUG MyProblem 119 describe - LCP
C0
2:2.0,3.0
2:1.0,3.0
2:2.0,2.0
2:1.0,2.0

C1
2:2.0,-1.0
2:1.0,-1.0
2:2.0,-2.0
2:1.0,-2.0
2:2.0,-3.0
2:1.0,-3.0


23:52:04.341 DEBUG MyProblem 120 describe - LSP

23:52:04.343 DEBUG MyProblem 116 describe - Instancia ruspini.data
23:52:04.344 DEBUG MyProblem 117 describe - Error 0.228678793852924 ,ajustado 0.2103844903446901
23:52:04.344 DEBUG MyProblem 118 describe - No agrupados 0.0 ,ajustado 0.0
23:52:04.346 DEBUG MyProblem 119 describe - LCP
C0
2:4.0,53.0
2:5.0,63.0
2:10.0,59.0
2:9.0,77.0
2:13.0,69.0
2:15.0,75.0
2:18.0,61.0
2:19.0,65.0
2:22.0,74.0
2:27.0,72.0
2:28.0,76.0
2:24.0,58.0
2:27.0,55.0
2:28.0,60.0
2:30.0,52.0
2:31.0,60.0
2:32.0,61.0
2:36.0,72.0
2:70.0,4.0
2:77.0,12.0
2:83.0,21.0
2:61.0,15.0
2:69.0,15.0
2:78.0,16.0
2:66.0,18.0
2:58.0,13.0
2:64.0,20.0
2:69.0,21.0
2:66.0,23.0
2:61.0,25.0
2:76.0,27.0
2:72.0,31.0
2:64.0,30.0

C1
2:13.0,49.0
2:12.0,88.0
2:28.0,147.0
2:32.0,149.0
2:35.0,153.0
2:33.0,154.0
2:38.0,151.0
2:41.0,150.0
2:38.0,145.0
2:38.0,143.0
2:32.0,143.0
2:34.0,141.0
2:44.0,156.0
2:44.0,149.0
2:44.0,143.0
2:46.0,142.0
2:47.0,149.0
2:49.0,152.0
2:50.0,142.0
2:53.0,144.0
2:52.0,152.0
2:55.0,155.0
2:54.0,124.0
2:60.0,136.0
2:63.0,139.0
2:86.0,132.0
2:85.0,115.0
2:85.0,96.0
2:78.0,94.0
2:74.0,96.0
2:97.0,122.0
2:98.0,116.0
2:98.0,124.0
2:99.0,119.0
2:99.0,128.0
2:101.0,115.0
2:108.0,111.0
2:110.0,111.0
2:108.0,116.0
2:111.0,126.0
2:115.0,117.0
2:117.0,115.0


23:52:04.346 DEBUG MyProblem 120 describe - LSP

23:52:05.846 INFO  MyProblem 30 setup - setup problem!
23:53:54.549 DEBUG MyProblem 106 describe - 
Fitness: Standardized=0.3452177 Adjusted=0.7433741 Hits=0
\begin{bundle}{\gpbox{If}}\chunk{\begin{bundle}{\gpbox{If}}\chunk{\begin{bundle}{\gpbox{Or}}\chunk{\begin{bundle}{\gpbox{Not}}\chunk{\begin{bundle}{\gpbox{Not}}\chunk{\begin{bundle}{\gpbox{And}}\chunk{\gpbox{Create_Cp}}\chunk{\gpbox{Add_Mindot}}\end{bundle}}\end{bundle}}\end{bundle}}\chunk{\gpbox{Add_Mindot}}\end{bundle}}\chunk{\begin{bundle}{\gpbox{If}}\chunk{\begin{bundle}{\gpbox{Or}}\chunk{\begin{bundle}{\gpbox{Not}}\chunk{\gpbox{Add_Mindot}}\end{bundle}}\chunk{\begin{bundle}{\gpbox{If}}\chunk{\gpbox{Add_Mindot}}\chunk{\gpbox{Create_Cp}}\end{bundle}}\end{bundle}}\chunk{\begin{bundle}{\gpbox{Not}}\chunk{\begin{bundle}{\gpbox{Or}}\chunk{\begin{bundle}{\gpbox{Not}}\chunk{\begin{bundle}{\gpbox{If}}\chunk{\begin{bundle}{\gpbox{Not}}\chunk{\begin{bundle}{\gpbox{And}}\chunk{\gpbox{Create_Cp}}\chunk{\gpbox{Add_Mindot}}\end{bundle}}\end{bundle}}\chunk{\gpbox{Create_Cp}}\end{bundle}}\end{bundle}}\chunk{\begin{bundle}{\gpbox{Not}}\chunk{\begin{bundle}{\gpbox{While}}\chunk{\gpbox{Add_Mindot}}\chunk{\gpbox{Add_Mindot}}\end{bundle}}\end{bundle}}\end{bundle}}\end{bundle}}\end{bundle}}\end{bundle}}\chunk{\begin{bundle}{\gpbox{If}}\chunk{\begin{bundle}{\gpbox{While}}\chunk{\gpbox{Add_Mindot}}\chunk{\gpbox{Add_Mindot}}\end{bundle}}\chunk{\begin{bundle}{\gpbox{Not}}\chunk{\gpbox{Join_Cp}}\end{bundle}}\end{bundle}}\end{bundle}

23:53:54.550 DEBUG MyProblem 116 describe - Instancia test.data
23:53:54.550 DEBUG MyProblem 117 describe - Error 0.146557832540593 ,ajustado 0.13483320593734557
23:53:54.551 DEBUG MyProblem 118 describe - No agrupados 0.0 ,ajustado 0.0
23:53:54.551 DEBUG MyProblem 119 describe - LCP
C0
2:2.0,3.0
2:1.0,3.0
2:2.0,2.0
2:1.0,2.0

C1
2:2.0,-1.0
2:2.0,-2.0
2:2.0,-3.0
2:1.0,-1.0
2:1.0,-2.0
2:1.0,-3.0


23:53:54.551 DEBUG MyProblem 120 describe - LSP

23:53:54.554 DEBUG MyProblem 116 describe - Instancia ruspini.data
23:53:54.554 DEBUG MyProblem 117 describe - Error 0.228678793852924 ,ajustado 0.2103844903446901
23:53:54.554 DEBUG MyProblem 118 describe - No agrupados 0.0 ,ajustado 0.0
23:53:54.556 DEBUG MyProblem 119 describe - LCP
C0
2:4.0,53.0
2:5.0,63.0
2:10.0,59.0
2:9.0,77.0
2:13.0,69.0
2:15.0,75.0
2:18.0,61.0
2:19.0,65.0
2:22.0,74.0
2:27.0,72.0
2:28.0,76.0
2:24.0,58.0
2:27.0,55.0
2:28.0,60.0
2:30.0,52.0
2:31.0,60.0
2:32.0,61.0
2:36.0,72.0
2:70.0,4.0
2:77.0,12.0
2:83.0,21.0
2:61.0,15.0
2:69.0,15.0
2:78.0,16.0
2:66.0,18.0
2:58.0,13.0
2:64.0,20.0
2:69.0,21.0
2:66.0,23.0
2:61.0,25.0
2:76.0,27.0
2:72.0,31.0
2:64.0,30.0

C1
2:13.0,49.0
2:12.0,88.0
2:28.0,147.0
2:32.0,149.0
2:35.0,153.0
2:33.0,154.0
2:38.0,151.0
2:41.0,150.0
2:38.0,145.0
2:38.0,143.0
2:32.0,143.0
2:34.0,141.0
2:44.0,156.0
2:44.0,149.0
2:44.0,143.0
2:46.0,142.0
2:47.0,149.0
2:49.0,152.0
2:50.0,142.0
2:53.0,144.0
2:52.0,152.0
2:55.0,155.0
2:54.0,124.0
2:60.0,136.0
2:63.0,139.0
2:86.0,132.0
2:85.0,115.0
2:85.0,96.0
2:78.0,94.0
2:74.0,96.0
2:97.0,122.0
2:98.0,116.0
2:98.0,124.0
2:99.0,119.0
2:99.0,128.0
2:101.0,115.0
2:108.0,111.0
2:110.0,111.0
2:108.0,116.0
2:111.0,126.0
2:115.0,117.0
2:117.0,115.0


23:53:54.556 DEBUG MyProblem 120 describe - LSP

23:53:56.043 INFO  MyProblem 30 setup - setup problem!
23:56:47.462 DEBUG MyProblem 106 describe - 
Fitness: Standardized=0.29979277 Adjusted=0.7693534 Hits=0
\begin{bundle}{\gpbox{While}}\chunk{\begin{bundle}{\gpbox{While}}\chunk{\begin{bundle}{\gpbox{If}}\chunk{\gpbox{Add_Mindot}}\chunk{\begin{bundle}{\gpbox{While}}\chunk{\gpbox{Join_Cp}}\chunk{\gpbox{Add_Mindot}}\end{bundle}}\end{bundle}}\chunk{\begin{bundle}{\gpbox{If}}\chunk{\gpbox{Create_Cp}}\chunk{\begin{bundle}{\gpbox{Not}}\chunk{\begin{bundle}{\gpbox{And}}\chunk{\begin{bundle}{\gpbox{If}}\chunk{\gpbox{Create_Cp}}\chunk{\begin{bundle}{\gpbox{Or}}\chunk{\begin{bundle}{\gpbox{Or}}\chunk{\begin{bundle}{\gpbox{While}}\chunk{\gpbox{Create_Cp}}\chunk{\begin{bundle}{\gpbox{Not}}\chunk{\begin{bundle}{\gpbox{If}}\chunk{\gpbox{Add_Mindot}}\chunk{\gpbox{Join_Cp}}\end{bundle}}\end{bundle}}\end{bundle}}\chunk{\begin{bundle}{\gpbox{And}}\chunk{\gpbox{Create_Cp}}\chunk{\gpbox{Join_Cp}}\end{bundle}}\end{bundle}}\chunk{\begin{bundle}{\gpbox{If}}\chunk{\gpbox{Create_Cp}}\chunk{\begin{bundle}{\gpbox{While}}\chunk{\gpbox{Add_Mindot}}\chunk{\gpbox{Add_Mindot}}\end{bundle}}\end{bundle}}\end{bundle}}\end{bundle}}\chunk{\begin{bundle}{\gpbox{And}}\chunk{\gpbox{Join_Cp}}\chunk{\gpbox{Create_Cp}}\end{bundle}}\end{bundle}}\end{bundle}}\end{bundle}}\end{bundle}}\chunk{\begin{bundle}{\gpbox{While}}\chunk{\gpbox{Add_Mindot}}\chunk{\gpbox{Add_Mindot}}\end{bundle}}\end{bundle}

23:56:47.463 DEBUG MyProblem 116 describe - Instancia test.data
23:56:47.464 DEBUG MyProblem 117 describe - Error 0.146557832540593 ,ajustado 0.13483320593734557
23:56:47.464 DEBUG MyProblem 118 describe - No agrupados 0.0 ,ajustado 0.0
23:56:47.465 DEBUG MyProblem 119 describe - LCP
C0
2:2.0,3.0
2:1.0,3.0
2:2.0,2.0
2:1.0,2.0

C1
2:2.0,-1.0
2:1.0,-2.0
2:1.0,-1.0
2:2.0,-2.0
2:1.0,-3.0
2:2.0,-3.0


23:56:47.465 DEBUG MyProblem 120 describe - LSP

23:56:47.468 DEBUG MyProblem 116 describe - Instancia ruspini.data
23:56:47.468 DEBUG MyProblem 117 describe - Error 0.17930386882152582 ,ajustado 0.16495955931580378
23:56:47.468 DEBUG MyProblem 118 describe - No agrupados 0.0 ,ajustado 0.0
23:56:47.470 DEBUG MyProblem 119 describe - LCP
C0
2:4.0,53.0
2:5.0,63.0
2:10.0,59.0
2:9.0,77.0
2:13.0,49.0
2:15.0,75.0
2:13.0,69.0
2:19.0,65.0
2:18.0,61.0
2:12.0,88.0
2:27.0,72.0
2:22.0,74.0
2:28.0,76.0
2:24.0,58.0
2:27.0,55.0
2:28.0,60.0
2:30.0,52.0
2:31.0,60.0
2:32.0,61.0
2:36.0,72.0

C1
2:28.0,147.0
2:32.0,149.0
2:35.0,153.0
2:33.0,154.0
2:38.0,151.0
2:41.0,150.0
2:38.0,145.0
2:38.0,143.0
2:32.0,143.0
2:34.0,141.0
2:44.0,156.0
2:44.0,149.0
2:44.0,143.0
2:46.0,142.0
2:47.0,149.0
2:49.0,152.0
2:50.0,142.0
2:53.0,144.0
2:52.0,152.0
2:55.0,155.0
2:54.0,124.0
2:60.0,136.0
2:63.0,139.0
2:86.0,132.0
2:85.0,115.0
2:85.0,96.0
2:78.0,94.0
2:74.0,96.0
2:97.0,122.0
2:98.0,116.0
2:98.0,124.0
2:99.0,119.0
2:99.0,128.0
2:101.0,115.0
2:108.0,111.0
2:110.0,111.0
2:108.0,116.0
2:111.0,126.0
2:115.0,117.0
2:117.0,115.0

C2
2:70.0,4.0
2:77.0,12.0
2:83.0,21.0
2:61.0,15.0
2:69.0,15.0
2:78.0,16.0
2:66.0,18.0
2:58.0,13.0
2:64.0,20.0
2:69.0,21.0
2:66.0,23.0
2:61.0,25.0
2:76.0,27.0
2:72.0,31.0
2:64.0,30.0


23:56:47.471 DEBUG MyProblem 120 describe - LSP

23:56:49.060 INFO  MyProblem 30 setup - setup problem!
23:58:55.650 DEBUG MyProblem 106 describe - 
Fitness: Standardized=0.26283783 Adjusted=0.79186726 Hits=0
\begin{bundle}{\gpbox{And}}\chunk{\begin{bundle}{\gpbox{If}}\chunk{\gpbox{Add_Mindot}}\chunk{\begin{bundle}{\gpbox{Or}}\chunk{\begin{bundle}{\gpbox{Or}}\chunk{\begin{bundle}{\gpbox{Or}}\chunk{\gpbox{Move_Min}}\chunk{\gpbox{Move_Min}}\end{bundle}}\chunk{\begin{bundle}{\gpbox{If}}\chunk{\gpbox{Add_Mindot}}\chunk{\begin{bundle}{\gpbox{And}}\chunk{\gpbox{Add_Mindot}}\chunk{\gpbox{Create_Cp}}\end{bundle}}\end{bundle}}\end{bundle}}\chunk{\begin{bundle}{\gpbox{If}}\chunk{\begin{bundle}{\gpbox{If}}\chunk{\gpbox{Create_Cp}}\chunk{\gpbox{Create_Cp}}\end{bundle}}\chunk{\begin{bundle}{\gpbox{Not}}\chunk{\gpbox{Join_Cp}}\end{bundle}}\end{bundle}}\end{bundle}}\end{bundle}}\chunk{\begin{bundle}{\gpbox{If}}\chunk{\begin{bundle}{\gpbox{And}}\chunk{\gpbox{Add_Mindot}}\chunk{\gpbox{Create_Cp}}\end{bundle}}\chunk{\begin{bundle}{\gpbox{And}}\chunk{\begin{bundle}{\gpbox{If}}\chunk{\begin{bundle}{\gpbox{And}}\chunk{\gpbox{Create_Cp}}\chunk{\gpbox{Move_Min}}\end{bundle}}\chunk{\gpbox{Create_Cp}}\end{bundle}}\chunk{\begin{bundle}{\gpbox{While}}\chunk{\begin{bundle}{\gpbox{If}}\chunk{\gpbox{Add_Mindot}}\chunk{\begin{bundle}{\gpbox{Not}}\chunk{\gpbox{Create_Cp}}\end{bundle}}\end{bundle}}\chunk{\gpbox{Join_Cp}}\end{bundle}}\end{bundle}}\end{bundle}}\end{bundle}

23:58:55.651 DEBUG MyProblem 116 describe - Instancia test.data
23:58:55.651 DEBUG MyProblem 117 describe - Error 0.146557832540593 ,ajustado 0.13483320593734557
23:58:55.651 DEBUG MyProblem 118 describe - No agrupados 0.0 ,ajustado 0.0
23:58:55.652 DEBUG MyProblem 119 describe - LCP
C0
2:2.0,3.0
2:1.0,3.0
2:1.0,2.0
2:2.0,2.0

C1
2:2.0,-1.0
2:1.0,-1.0
2:2.0,-2.0
2:1.0,-2.0
2:2.0,-3.0
2:1.0,-3.0


23:58:55.652 DEBUG MyProblem 120 describe - LSP

23:58:55.654 DEBUG MyProblem 116 describe - Instancia ruspini.data
23:58:55.654 DEBUG MyProblem 117 describe - Error 0.13913547374438323 ,ajustado 0.12800463584483257
23:58:55.654 DEBUG MyProblem 118 describe - No agrupados 0.0 ,ajustado 0.0
23:58:55.656 DEBUG MyProblem 119 describe - LCP
C0
2:4.0,53.0
2:13.0,69.0
2:10.0,59.0
2:5.0,63.0
2:18.0,61.0
2:13.0,49.0
2:19.0,65.0
2:24.0,58.0
2:27.0,55.0
2:28.0,60.0
2:30.0,52.0
2:31.0,60.0
2:32.0,61.0
2:9.0,77.0
2:15.0,75.0
2:12.0,88.0
2:27.0,72.0
2:22.0,74.0
2:28.0,76.0
2:36.0,72.0

C1
2:28.0,147.0
2:32.0,149.0
2:35.0,153.0
2:33.0,154.0
2:38.0,151.0
2:41.0,150.0
2:38.0,145.0
2:38.0,143.0
2:32.0,143.0
2:34.0,141.0
2:44.0,156.0
2:44.0,149.0
2:44.0,143.0
2:46.0,142.0
2:47.0,149.0
2:49.0,152.0
2:50.0,142.0
2:53.0,144.0
2:52.0,152.0
2:55.0,155.0
2:54.0,124.0
2:60.0,136.0
2:63.0,139.0
2:86.0,132.0

C2
2:85.0,115.0
2:85.0,96.0
2:78.0,94.0
2:74.0,96.0
2:97.0,122.0
2:98.0,116.0
2:98.0,124.0
2:99.0,119.0
2:99.0,128.0
2:101.0,115.0
2:108.0,111.0
2:110.0,111.0
2:108.0,116.0
2:111.0,126.0
2:115.0,117.0
2:117.0,115.0

C3
2:70.0,4.0
2:77.0,12.0
2:83.0,21.0
2:61.0,15.0
2:69.0,15.0
2:78.0,16.0
2:66.0,18.0
2:58.0,13.0
2:64.0,20.0
2:69.0,21.0
2:66.0,23.0
2:61.0,25.0
2:76.0,27.0
2:72.0,31.0
2:64.0,30.0


23:58:55.656 DEBUG MyProblem 120 describe - LSP

