17:58:42.405 INFO  MyProblem 30 setup - setup problem!
18:01:01.617 DEBUG MyProblem 106 describe - 
Fitness: Standardized=0.34352475 Adjusted=0.74431086 Hits=0
\begin{bundle}{\gpbox{Or}}\chunk{\begin{bundle}{\gpbox{If}}\chunk{\begin{bundle}{\gpbox{While}}\chunk{\begin{bundle}{\gpbox{If}}\chunk{\begin{bundle}{\gpbox{While}}\chunk{\gpbox{Add_Mindot}}\chunk{\gpbox{Add_Mindot}}\end{bundle}}\chunk{\gpbox{Create_Cp}}\end{bundle}}\chunk{\begin{bundle}{\gpbox{If}}\chunk{\begin{bundle}{\gpbox{If}}\chunk{\gpbox{Create_Cp}}\chunk{\gpbox{Create_Cp}}\end{bundle}}\chunk{\gpbox{Join_Cp}}\end{bundle}}\end{bundle}}\chunk{\begin{bundle}{\gpbox{And}}\chunk{\gpbox{Move_Min}}\chunk{\gpbox{Move_Min}}\end{bundle}}\end{bundle}}\chunk{\begin{bundle}{\gpbox{Not}}\chunk{\begin{bundle}{\gpbox{While}}\chunk{\gpbox{Add_Mindot}}\chunk{\gpbox{Add_Mindot}}\end{bundle}}\end{bundle}}\end{bundle}

18:01:01.618 DEBUG MyProblem 116 describe - Instancia test.data
18:01:01.619 DEBUG MyProblem 117 describe - Error 0.14655783254059296 ,ajustado 0.13483320593734552
18:01:01.619 DEBUG MyProblem 118 describe - No agrupados 0.0 ,ajustado 0.0
18:01:01.620 DEBUG MyProblem 119 describe - LCP
C0
2:2.0,3.0
2:1.0,3.0
2:2.0,2.0
2:1.0,2.0

C1
2:2.0,-2.0
2:1.0,-2.0
2:2.0,-3.0
2:1.0,-3.0
2:2.0,-1.0
2:1.0,-1.0


18:01:01.620 DEBUG MyProblem 120 describe - LSP

18:01:01.622 DEBUG MyProblem 116 describe - Instancia ruspini.data
18:01:01.622 DEBUG MyProblem 117 describe - Error 0.22683863417414957 ,ajustado 0.20869154344021762
18:01:01.622 DEBUG MyProblem 118 describe - No agrupados 0.0 ,ajustado 0.0
18:01:01.624 DEBUG MyProblem 119 describe - LCP
C0
2:4.0,53.0
2:5.0,63.0
2:10.0,59.0
2:9.0,77.0
2:13.0,49.0
2:13.0,69.0
2:18.0,61.0
2:24.0,58.0
2:27.0,55.0
2:30.0,52.0
2:70.0,4.0
2:77.0,12.0
2:83.0,21.0
2:61.0,15.0
2:69.0,15.0
2:78.0,16.0
2:66.0,18.0
2:58.0,13.0
2:64.0,20.0
2:69.0,21.0
2:66.0,23.0
2:61.0,25.0
2:76.0,27.0
2:72.0,31.0
2:64.0,30.0
2:15.0,75.0
2:22.0,74.0
2:27.0,72.0
2:28.0,76.0
2:28.0,60.0
2:31.0,60.0
2:32.0,61.0
2:36.0,72.0

C1
2:12.0,88.0
2:19.0,65.0
2:28.0,147.0
2:32.0,149.0
2:35.0,153.0
2:33.0,154.0
2:38.0,151.0
2:41.0,150.0
2:38.0,145.0
2:38.0,143.0
2:32.0,143.0
2:34.0,141.0
2:44.0,156.0
2:44.0,149.0
2:44.0,143.0
2:46.0,142.0
2:47.0,149.0
2:49.0,152.0
2:50.0,142.0
2:53.0,144.0
2:52.0,152.0
2:55.0,155.0
2:54.0,124.0
2:60.0,136.0
2:63.0,139.0
2:86.0,132.0
2:85.0,115.0
2:85.0,96.0
2:97.0,122.0
2:98.0,116.0
2:98.0,124.0
2:99.0,119.0
2:99.0,128.0
2:101.0,115.0
2:108.0,111.0
2:110.0,111.0
2:108.0,116.0
2:111.0,126.0
2:115.0,117.0
2:117.0,115.0
2:74.0,96.0
2:78.0,94.0


18:01:01.625 DEBUG MyProblem 120 describe - LSP

18:01:03.101 INFO  MyProblem 30 setup - setup problem!
18:04:08.800 DEBUG MyProblem 106 describe - 
Fitness: Standardized=0.31397203 Adjusted=0.76105124 Hits=0
\begin{bundle}{\gpbox{Or}}\chunk{\begin{bundle}{\gpbox{And}}\chunk{\begin{bundle}{\gpbox{And}}\chunk{\begin{bundle}{\gpbox{While}}\chunk{\gpbox{Add_Mindot}}\chunk{\gpbox{Move_Min}}\end{bundle}}\chunk{\gpbox{Create_Cp}}\end{bundle}}\chunk{\begin{bundle}{\gpbox{Not}}\chunk{\begin{bundle}{\gpbox{And}}\chunk{\begin{bundle}{\gpbox{And}}\chunk{\gpbox{Create_Cp}}\chunk{\gpbox{Create_Cp}}\end{bundle}}\chunk{\begin{bundle}{\gpbox{While}}\chunk{\begin{bundle}{\gpbox{While}}\chunk{\begin{bundle}{\gpbox{While}}\chunk{\gpbox{Add_Mindot}}\chunk{\gpbox{Move_Min}}\end{bundle}}\chunk{\gpbox{Move_Min}}\end{bundle}}\chunk{\gpbox{Move_Min}}\end{bundle}}\end{bundle}}\end{bundle}}\end{bundle}}\chunk{\gpbox{Join_Cp}}\end{bundle}

18:04:08.801 DEBUG MyProblem 116 describe - Instancia test.data
18:04:08.801 DEBUG MyProblem 117 describe - Error 0.146557832540593 ,ajustado 0.13483320593734557
18:04:08.802 DEBUG MyProblem 118 describe - No agrupados 0.0 ,ajustado 0.0
18:04:08.802 DEBUG MyProblem 119 describe - LCP
C0
2:2.0,2.0
2:1.0,2.0
2:1.0,3.0
2:2.0,3.0

C1
2:1.0,-1.0
2:2.0,-1.0
2:1.0,-2.0
2:2.0,-2.0
2:2.0,-3.0
2:1.0,-3.0


18:04:08.802 DEBUG MyProblem 120 describe - LSP

18:04:08.805 DEBUG MyProblem 116 describe - Instancia ruspini.data
18:04:08.805 DEBUG MyProblem 117 describe - Error 0.19471612159607843 ,ajustado 0.17913883186839216
18:04:08.806 DEBUG MyProblem 118 describe - No agrupados 0.0 ,ajustado 0.0
18:04:08.808 DEBUG MyProblem 119 describe - LCP
C0
2:70.0,4.0
2:77.0,12.0
2:83.0,21.0
2:61.0,15.0
2:69.0,15.0
2:78.0,16.0
2:66.0,18.0
2:58.0,13.0
2:64.0,20.0
2:69.0,21.0
2:66.0,23.0
2:61.0,25.0
2:76.0,27.0
2:72.0,31.0
2:64.0,30.0

C1
2:12.0,88.0
2:13.0,69.0
2:15.0,75.0
2:19.0,65.0
2:22.0,74.0
2:18.0,61.0
2:27.0,72.0
2:28.0,76.0
2:24.0,58.0
2:28.0,60.0
2:27.0,55.0
2:31.0,60.0
2:32.0,61.0
2:36.0,72.0
2:10.0,59.0
2:5.0,63.0
2:13.0,49.0
2:9.0,77.0
2:30.0,52.0

C2
2:4.0,53.0
2:33.0,154.0
2:35.0,153.0
2:28.0,147.0
2:32.0,143.0
2:34.0,141.0
2:38.0,145.0
2:32.0,149.0
2:44.0,143.0
2:46.0,142.0
2:38.0,151.0
2:41.0,150.0
2:44.0,149.0
2:47.0,149.0
2:50.0,142.0
2:49.0,152.0
2:54.0,124.0
2:53.0,144.0
2:60.0,136.0
2:44.0,156.0
2:63.0,139.0
2:52.0,152.0
2:86.0,132.0
2:55.0,155.0
2:38.0,143.0
2:85.0,115.0
2:74.0,96.0
2:97.0,122.0
2:98.0,124.0
2:99.0,128.0
2:99.0,119.0
2:98.0,116.0
2:78.0,94.0
2:85.0,96.0
2:101.0,115.0
2:108.0,116.0
2:111.0,126.0
2:108.0,111.0
2:110.0,111.0
2:115.0,117.0
2:117.0,115.0


18:04:08.809 DEBUG MyProblem 120 describe - LSP

18:04:10.347 INFO  MyProblem 30 setup - setup problem!
18:07:13.480 DEBUG MyProblem 106 describe - 
Fitness: Standardized=0.27083784 Adjusted=0.7868825 Hits=0
\begin{bundle}{\gpbox{Not}}\chunk{\begin{bundle}{\gpbox{And}}\chunk{\begin{bundle}{\gpbox{If}}\chunk{\gpbox{Create_Cp}}\chunk{\gpbox{Create_Cp}}\end{bundle}}\chunk{\begin{bundle}{\gpbox{And}}\chunk{\begin{bundle}{\gpbox{And}}\chunk{\gpbox{Add_Mindot}}\chunk{\begin{bundle}{\gpbox{If}}\chunk{\begin{bundle}{\gpbox{If}}\chunk{\gpbox{Create_Cp}}\chunk{\gpbox{Move_Min}}\end{bundle}}\chunk{\gpbox{Create_Cp}}\end{bundle}}\end{bundle}}\chunk{\begin{bundle}{\gpbox{While}}\chunk{\begin{bundle}{\gpbox{If}}\chunk{\gpbox{Add_Mindot}}\chunk{\gpbox{Create_Cp}}\end{bundle}}\chunk{\gpbox{Join_Cp}}\end{bundle}}\end{bundle}}\end{bundle}}\end{bundle}

18:07:13.481 DEBUG MyProblem 116 describe - Instancia test.data
18:07:13.481 DEBUG MyProblem 117 describe - Error 0.146557832540593 ,ajustado 0.13483320593734557
18:07:13.481 DEBUG MyProblem 118 describe - No agrupados 0.0 ,ajustado 0.0
18:07:13.482 DEBUG MyProblem 119 describe - LCP
C0
2:2.0,3.0
2:2.0,2.0
2:1.0,2.0
2:1.0,3.0

C1
2:2.0,-1.0
2:1.0,-1.0
2:2.0,-2.0
2:1.0,-2.0
2:2.0,-3.0
2:1.0,-3.0


18:07:13.482 DEBUG MyProblem 120 describe - LSP

18:07:13.484 DEBUG MyProblem 116 describe - Instancia ruspini.data
18:07:13.484 DEBUG MyProblem 117 describe - Error 0.13913547374438323 ,ajustado 0.12800463584483257
18:07:13.485 DEBUG MyProblem 118 describe - No agrupados 0.0 ,ajustado 0.0
18:07:13.487 DEBUG MyProblem 119 describe - LCP
C0
2:4.0,53.0
2:13.0,69.0
2:5.0,63.0
2:10.0,59.0
2:18.0,61.0
2:13.0,49.0
2:19.0,65.0
2:24.0,58.0
2:27.0,55.0
2:28.0,60.0
2:30.0,52.0
2:31.0,60.0
2:32.0,61.0
2:9.0,77.0
2:15.0,75.0
2:12.0,88.0
2:27.0,72.0
2:22.0,74.0
2:28.0,76.0
2:36.0,72.0

C1
2:28.0,147.0
2:32.0,149.0
2:35.0,153.0
2:33.0,154.0
2:38.0,151.0
2:41.0,150.0
2:38.0,145.0
2:38.0,143.0
2:32.0,143.0
2:34.0,141.0
2:44.0,156.0
2:44.0,149.0
2:44.0,143.0
2:46.0,142.0
2:47.0,149.0
2:49.0,152.0
2:50.0,142.0
2:53.0,144.0
2:52.0,152.0
2:55.0,155.0
2:54.0,124.0
2:60.0,136.0
2:63.0,139.0
2:86.0,132.0

C2
2:85.0,115.0
2:85.0,96.0
2:78.0,94.0
2:74.0,96.0
2:97.0,122.0
2:98.0,116.0
2:98.0,124.0
2:99.0,119.0
2:99.0,128.0
2:101.0,115.0
2:108.0,111.0
2:110.0,111.0
2:108.0,116.0
2:111.0,126.0
2:115.0,117.0
2:117.0,115.0

C3
2:70.0,4.0
2:77.0,12.0
2:83.0,21.0
2:61.0,15.0
2:69.0,15.0
2:78.0,16.0
2:66.0,18.0
2:58.0,13.0
2:64.0,20.0
2:69.0,21.0
2:66.0,23.0
2:61.0,25.0
2:76.0,27.0
2:72.0,31.0
2:64.0,30.0


18:07:13.487 DEBUG MyProblem 120 describe - LSP

18:07:15.012 INFO  MyProblem 30 setup - setup problem!
18:10:18.056 DEBUG MyProblem 106 describe - 
Fitness: Standardized=0.29979277 Adjusted=0.7693534 Hits=0
\begin{bundle}{\gpbox{If}}\chunk{\begin{bundle}{\gpbox{If}}\chunk{\begin{bundle}{\gpbox{And}}\chunk{\gpbox{Add_Mindot}}\chunk{\gpbox{Create_Cp}}\end{bundle}}\chunk{\begin{bundle}{\gpbox{And}}\chunk{\gpbox{Add_Mindot}}\chunk{\begin{bundle}{\gpbox{And}}\chunk{\gpbox{Add_Mindot}}\chunk{\gpbox{Create_Cp}}\end{bundle}}\end{bundle}}\end{bundle}}\chunk{\begin{bundle}{\gpbox{While}}\chunk{\begin{bundle}{\gpbox{If}}\chunk{\gpbox{Add_Mindot}}\chunk{\gpbox{Create_Cp}}\end{bundle}}\chunk{\begin{bundle}{\gpbox{While}}\chunk{\begin{bundle}{\gpbox{Not}}\chunk{\gpbox{Join_Cp}}\end{bundle}}\chunk{\begin{bundle}{\gpbox{If}}\chunk{\gpbox{Add_Mindot}}\chunk{\gpbox{Create_Cp}}\end{bundle}}\end{bundle}}\end{bundle}}\end{bundle}

18:10:18.058 DEBUG MyProblem 116 describe - Instancia test.data
18:10:18.058 DEBUG MyProblem 117 describe - Error 0.146557832540593 ,ajustado 0.13483320593734557
18:10:18.058 DEBUG MyProblem 118 describe - No agrupados 0.0 ,ajustado 0.0
18:10:18.059 DEBUG MyProblem 119 describe - LCP
C0
2:2.0,3.0
2:2.0,2.0
2:1.0,3.0
2:1.0,2.0

C1
2:2.0,-1.0
2:1.0,-1.0
2:2.0,-2.0
2:1.0,-2.0
2:2.0,-3.0
2:1.0,-3.0


18:10:18.059 DEBUG MyProblem 120 describe - LSP

18:10:18.062 DEBUG MyProblem 116 describe - Instancia ruspini.data
18:10:18.062 DEBUG MyProblem 117 describe - Error 0.17930386882152582 ,ajustado 0.16495955931580378
18:10:18.063 DEBUG MyProblem 118 describe - No agrupados 0.0 ,ajustado 0.0
18:10:18.065 DEBUG MyProblem 119 describe - LCP
C0
2:4.0,53.0
2:10.0,59.0
2:13.0,49.0
2:13.0,69.0
2:18.0,61.0
2:19.0,65.0
2:24.0,58.0
2:5.0,63.0
2:9.0,77.0
2:12.0,88.0
2:15.0,75.0
2:22.0,74.0
2:27.0,72.0
2:28.0,76.0
2:27.0,55.0
2:28.0,60.0
2:30.0,52.0
2:31.0,60.0
2:32.0,61.0
2:36.0,72.0

C1
2:28.0,147.0
2:32.0,149.0
2:35.0,153.0
2:33.0,154.0
2:38.0,151.0
2:41.0,150.0
2:38.0,145.0
2:38.0,143.0
2:32.0,143.0
2:34.0,141.0
2:44.0,156.0
2:44.0,149.0
2:44.0,143.0
2:46.0,142.0
2:47.0,149.0
2:49.0,152.0
2:50.0,142.0
2:53.0,144.0
2:52.0,152.0
2:55.0,155.0
2:54.0,124.0
2:60.0,136.0
2:63.0,139.0
2:86.0,132.0
2:85.0,115.0
2:85.0,96.0
2:78.0,94.0
2:74.0,96.0
2:97.0,122.0
2:98.0,116.0
2:98.0,124.0
2:99.0,119.0
2:99.0,128.0
2:101.0,115.0
2:108.0,111.0
2:110.0,111.0
2:108.0,116.0
2:111.0,126.0
2:115.0,117.0
2:117.0,115.0

C2
2:70.0,4.0
2:77.0,12.0
2:83.0,21.0
2:61.0,15.0
2:69.0,15.0
2:78.0,16.0
2:66.0,18.0
2:58.0,13.0
2:64.0,20.0
2:69.0,21.0
2:66.0,23.0
2:61.0,25.0
2:76.0,27.0
2:72.0,31.0
2:64.0,30.0


18:10:18.066 DEBUG MyProblem 120 describe - LSP

18:10:19.542 INFO  MyProblem 30 setup - setup problem!
18:14:04.245 DEBUG MyProblem 106 describe - 
Fitness: Standardized=0.34836107 Adjusted=0.74164116 Hits=0
\begin{bundle}{\gpbox{And}}\chunk{\begin{bundle}{\gpbox{While}}\chunk{\begin{bundle}{\gpbox{While}}\chunk{\gpbox{Add_Mindot}}\chunk{\begin{bundle}{\gpbox{And}}\chunk{\gpbox{Move_Min}}\chunk{\gpbox{Move_Min}}\end{bundle}}\end{bundle}}\chunk{\begin{bundle}{\gpbox{And}}\chunk{\gpbox{Create_Cp}}\chunk{\begin{bundle}{\gpbox{Not}}\chunk{\gpbox{Move_Min}}\end{bundle}}\end{bundle}}\end{bundle}}\chunk{\begin{bundle}{\gpbox{And}}\chunk{\begin{bundle}{\gpbox{While}}\chunk{\begin{bundle}{\gpbox{While}}\chunk{\gpbox{Add_Mindot}}\chunk{\gpbox{Add_Mindot}}\end{bundle}}\chunk{\begin{bundle}{\gpbox{While}}\chunk{\gpbox{Add_Mindot}}\chunk{\gpbox{Add_Mindot}}\end{bundle}}\end{bundle}}\chunk{\begin{bundle}{\gpbox{And}}\chunk{\gpbox{Create_Cp}}\chunk{\begin{bundle}{\gpbox{While}}\chunk{\gpbox{Add_Mindot}}\chunk{\gpbox{Add_Mindot}}\end{bundle}}\end{bundle}}\end{bundle}}\end{bundle}

18:14:04.246 DEBUG MyProblem 116 describe - Instancia test.data
18:14:04.246 DEBUG MyProblem 117 describe - Error 0.14655783254059296 ,ajustado 0.13483320593734552
18:14:04.247 DEBUG MyProblem 118 describe - No agrupados 0.0 ,ajustado 0.0
18:14:04.247 DEBUG MyProblem 119 describe - LCP
C0
2:1.0,2.0
2:1.0,3.0
2:2.0,3.0
2:2.0,2.0

C1
2:2.0,-3.0
2:2.0,-2.0
2:1.0,-3.0
2:1.0,-2.0
2:2.0,-1.0
2:1.0,-1.0


18:14:04.247 DEBUG MyProblem 120 describe - LSP

18:14:04.249 DEBUG MyProblem 116 describe - Instancia ruspini.data
18:14:04.250 DEBUG MyProblem 117 describe - Error 0.2147042047918597 ,ajustado 0.19752786840851094
18:14:04.250 DEBUG MyProblem 118 describe - No agrupados 0.0 ,ajustado 0.0
18:14:04.252 DEBUG MyProblem 119 describe - LCP
C0
2:54.0,124.0
2:50.0,142.0
2:60.0,136.0
2:53.0,144.0
2:46.0,142.0
2:63.0,139.0
2:44.0,143.0
2:47.0,149.0
2:86.0,132.0
2:52.0,152.0
2:49.0,152.0
2:85.0,115.0
2:55.0,155.0
2:44.0,149.0
2:85.0,96.0
2:38.0,143.0
2:41.0,150.0
2:78.0,94.0
2:38.0,145.0
2:34.0,141.0
2:38.0,151.0
2:44.0,156.0
2:97.0,122.0
2:32.0,143.0
2:35.0,153.0
2:98.0,116.0
2:32.0,149.0
2:33.0,154.0
2:98.0,124.0
2:28.0,147.0
2:99.0,119.0
2:99.0,128.0
2:101.0,115.0
2:108.0,111.0
2:110.0,111.0
2:108.0,116.0
2:111.0,126.0
2:115.0,117.0
2:117.0,115.0

C1
2:61.0,15.0
2:70.0,4.0
2:69.0,15.0
2:77.0,12.0
2:83.0,21.0
2:78.0,16.0
2:30.0,52.0
2:27.0,55.0
2:66.0,18.0
2:31.0,60.0
2:32.0,61.0
2:58.0,13.0
2:28.0,60.0
2:24.0,58.0
2:64.0,20.0
2:36.0,72.0
2:13.0,49.0
2:69.0,21.0
2:18.0,61.0
2:19.0,65.0
2:66.0,23.0
2:27.0,72.0
2:28.0,76.0
2:61.0,25.0
2:10.0,59.0
2:22.0,74.0
2:76.0,27.0
2:13.0,69.0
2:4.0,53.0
2:72.0,31.0
2:15.0,75.0
2:5.0,63.0
2:64.0,30.0
2:9.0,77.0
2:12.0,88.0
2:74.0,96.0


18:14:04.252 DEBUG MyProblem 120 describe - LSP

